 Image auto-pulse-worker Building 
 Image auto-pulse-frontend Building 
 Image auto-pulse-api Building 
#1 [internal] load local bake definitions
#1 reading from stdin 1.38kB 0.0s done
#1 DONE 0.0s

#2 [frontend internal] load build definition from Dockerfile
#2 transferring dockerfile: 827B done
#2 DONE 0.0s

#3 [worker internal] load build definition from Dockerfile
#3 transferring dockerfile: 1.12kB done
#3 DONE 0.0s

#4 [api internal] load build definition from Dockerfile
#4 transferring dockerfile: 1.20kB done
#4 DONE 0.0s

#5 [api internal] load metadata for mcr.microsoft.com/dotnet/sdk:11.0-preview
#5 ...

#6 [worker internal] load metadata for mcr.microsoft.com/dotnet/runtime:11.0-preview
#6 DONE 0.7s

#7 [api internal] load metadata for mcr.microsoft.com/dotnet/aspnet:11.0-preview
#7 DONE 0.7s

#5 [api internal] load metadata for mcr.microsoft.com/dotnet/sdk:11.0-preview
#5 DONE 0.7s

#8 [worker internal] load .dockerignore
#8 transferring context: 2B done
#8 DONE 0.0s

#9 [api internal] load build context
#9 DONE 0.0s

#10 [api build 1/9] FROM mcr.microsoft.com/dotnet/sdk:11.0-preview@sha256:c5aa0a301759a1b07654450e10e3ec78c3d476d0537263ca1ab5850d9f302fca
#10 resolve mcr.microsoft.com/dotnet/sdk:11.0-preview@sha256:c5aa0a301759a1b07654450e10e3ec78c3d476d0537263ca1ab5850d9f302fca
#10 resolve mcr.microsoft.com/dotnet/sdk:11.0-preview@sha256:c5aa0a301759a1b07654450e10e3ec78c3d476d0537263ca1ab5850d9f302fca 0.5s done
#10 DONE 0.5s

#11 [api final 1/5] FROM mcr.microsoft.com/dotnet/aspnet:11.0-preview@sha256:65a932bd7101f50eb99f8b45e2c970851092e0090304a48faf1c9f6c456d60ff
#11 resolve mcr.microsoft.com/dotnet/aspnet:11.0-preview@sha256:65a932bd7101f50eb99f8b45e2c970851092e0090304a48faf1c9f6c456d60ff 0.5s done
#11 DONE 0.5s

#12 [api final 2/5] WORKDIR /app
#12 CACHED

#13 [api final 3/5] RUN apt-get -y update && apt-get -y install curl
#13 CACHED

#14 [worker final 1/4] FROM mcr.microsoft.com/dotnet/runtime:11.0-preview@sha256:e0268a8f24df65beaa418bee6f7996a910818b5fcf7a49f058750c7d90dcea23
#14 resolve mcr.microsoft.com/dotnet/runtime:11.0-preview@sha256:e0268a8f24df65beaa418bee6f7996a910818b5fcf7a49f058750c7d90dcea23 0.5s done
#14 DONE 0.5s

#15 [worker final 2/4] WORKDIR /app
#15 CACHED

#16 [frontend internal] load metadata for docker.io/library/node:20-alpine
#16 DONE 1.4s

#9 [worker internal] load build context
#9 ...

#17 [frontend internal] load metadata for docker.io/library/nginx:alpine
#17 DONE 1.4s

#18 [frontend internal] load .dockerignore
#18 transferring context: 800B 0.0s done
#18 DONE 0.0s

#19 [frontend stage-1 1/3] FROM docker.io/library/nginx:alpine@sha256:1d13701a5f9f3fb01aaa88cef2344d65b6b5bf6b7d9fa4cf0dca557a8d7702ba
#19 resolve docker.io/library/nginx:alpine@sha256:1d13701a5f9f3fb01aaa88cef2344d65b6b5bf6b7d9fa4cf0dca557a8d7702ba 0.0s done
#19 DONE 0.0s

#20 [frontend build 1/6] FROM docker.io/library/node:20-alpine@sha256:09e2b3d9726018aecf269bd35325f46bf75046a643a66d28360ec71132750ec8
#20 resolve docker.io/library/node:20-alpine@sha256:09e2b3d9726018aecf269bd35325f46bf75046a643a66d28360ec71132750ec8 0.0s done
#20 DONE 0.0s

#21 [frontend internal] load build context
#21 transferring context: 7.04kB done
#21 DONE 0.0s

#22 [frontend build 2/6] WORKDIR /app
#22 CACHED

#23 [frontend stage-1 2/3] COPY nginx.conf /etc/nginx/conf.d/default.conf
#23 CACHED

#24 [frontend build 3/6] COPY package*.json ./
#24 CACHED

#9 [worker internal] load build context
#9 transferring context: 72.79MB 5.1s
#9 transferring context: 151.60MB 10.3s
#9 ...

#25 [frontend build 4/6] RUN npm ci
#25 ...

#9 [worker internal] load build context
#9 transferring context: 202.61MB 15.9s
#9 transferring context: 241.04MB 21.6s
#9 ...

#25 [frontend build 4/6] RUN npm ci
#25 12.25 
#25 12.25 added 484 packages, and audited 485 packages in 12s
#25 12.25 
#25 12.25 113 packages are looking for funding
#25 12.25   run `npm fund` for details
#25 12.28 
#25 12.28 7 moderate severity vulnerabilities
#25 12.28 
#25 12.28 To address issues that do not require attention, run:
#25 12.28   npm audit fix
#25 12.28 
#25 12.28 To address all issues possible (including breaking changes), run:
#25 12.28   npm audit fix --force
#25 12.28 
#25 12.28 Some issues need review, and may require choosing
#25 12.28 a different dependency.
#25 12.28 
#25 12.28 Run `npm audit` for details.
#25 12.28 npm notice
#25 12.28 npm notice New major version of npm available! 10.8.2 -> 11.10.0
#25 12.28 npm notice Changelog: https://github.com/npm/cli/releases/tag/v11.10.0
#25 12.28 npm notice To update run: npm install -g npm@11.10.0
#25 12.28 npm notice
#25 ...

#9 [worker internal] load build context
#9 ...

#25 [frontend build 4/6] RUN npm ci
#25 DONE 25.2s

#9 [worker internal] load build context
#9 ...

#26 [frontend build 5/6] COPY . .
#26 DONE 1.2s

#9 [worker internal] load build context
#9 transferring context: 262.48MB 26.6s
#9 transferring context: 337.51MB 31.7s
#9 ...

#27 [frontend build 6/6] RUN npm run build -- --configuration production
#27 0.338 
#27 0.338 > auto-pulse-web@0.0.0 build
#27 0.338 > ng build --configuration production
#27 0.338 
#27 0.822 â¯ Building...
#27 5.153 âœ” Building...
#27 5.155 Initial chunk files | Names                    |  Raw size | Estimated transfer size
#27 5.155 chunk-J7YDXPA5.js   | -                        | 278.16 kB |                75.76 kB
#27 5.155 styles-NSIBWVQS.css | styles                   | 230.14 kB |                23.57 kB
#27 5.155 main-UVXTUNJ3.js    | main                     |   3.52 kB |                 1.24 kB
#27 5.155 chunk-BUURG2YR.js   | -                        |   1.13 kB |               450 bytes
#27 5.155 
#27 5.155                     | Initial total            | 512.94 kB |               101.03 kB
#27 5.155 
#27 5.155 Lazy chunk files    | Names                    |  Raw size | Estimated transfer size
#27 5.155 chunk-KJEP7Q4H.js   | -                        |  39.23 kB |                 8.05 kB
#27 5.155 chunk-F4DAQ5IY.js   | cars-list-component      |  31.00 kB |                 6.53 kB
#27 5.155 chunk-G7IGFZPV.js   | user-search-component    |  14.96 kB |                 3.86 kB
#27 5.155 chunk-CJEUNVNL.js   | register-component       |  14.32 kB |                 3.89 kB
#27 5.155 chunk-WIFTKXKR.js   | dashboard-component      |  14.28 kB |                 3.64 kB
#27 5.155 chunk-P5S54VEH.js   | login-component          |  11.60 kB |                 3.38 kB
#27 5.155 chunk-3OUVZS4Y.js   | dealers-list-component   |  10.00 kB |                 2.85 kB
#27 5.155 chunk-FXS4POCC.js   | dealer-details-component |   5.28 kB |                 1.78 kB
#27 5.155 chunk-GKNVUZMJ.js   | markets-list-component   |   4.32 kB |                 1.58 kB
#27 5.155 chunk-FRTXORAY.js   | market-details-component |   4.16 kB |                 1.47 kB
#27 5.155 chunk-CQHPVJL4.js   | -                        |   3.01 kB |                 1.24 kB
#27 5.155 chunk-SY4HGHIF.js   | -                        |   1.53 kB |               477 bytes
#27 5.155 chunk-5VIS6W2L.js   | -                        | 831 bytes |               831 bytes
#27 5.155 chunk-AIG2WXHU.js   | -                        | 515 bytes |               515 bytes
#27 5.155 chunk-A3HKMJTV.js   | -                        | 458 bytes |               458 bytes
#27 5.155 
#27 5.155 Application bundle generation complete. [4.331 seconds] - 2026-02-19T03:16:53.305Z
#27 5.155 
#27 5.157 â–² [WARNING] NG8107: The left side of this optional chain operation does not include 'null' or 'undefined' in its type, therefore the '?.' operator can be replaced with the '.' operator. [plugin angular-compiler]
#27 5.157 
#27 5.157     src/app/pages/dashboard/dashboard.component.html:131:58:
#27 5.157       131 â”‚ ...arch-brand">{{ userSearch?.brandName }} {{ userSearch?.modelNa...
#27 5.157           â•µ                               ~~~~~~~~~
#27 5.157 
#27 5.157   Warning occurs in the template of component DashboardComponent.
#27 5.157 
#27 5.157     src/app/pages/dashboard/dashboard.component.ts:12:15:
#27 5.157       12 â”‚   templateUrl: './dashboard.component.html',
#27 5.157          â•µ                ~~~~~~~~~~~~~~~~~~~~~~~~~~~~
#27 5.157 
#27 5.157 
#27 5.157 â–² [WARNING] NG8107: The left side of this optional chain operation does not include 'null' or 'undefined' in its type, therefore the '?.' operator can be replaced with the '.' operator. [plugin angular-compiler]
#27 5.157 
#27 5.157     src/app/pages/dashboard/dashboard.component.html:131:86:
#27 5.157       131 â”‚ ...d">{{ userSearch?.brandName }} {{ userSearch?.modelName }}</span>
#27 5.157           â•µ                                                  ~~~~~~~~~
#27 5.157 
#27 5.157   Warning occurs in the template of component DashboardComponent.
#27 5.157 
#27 5.157     src/app/pages/dashboard/dashboard.component.ts:12:15:
#27 5.157       12 â”‚   templateUrl: './dashboard.component.html',
#27 5.157          â•µ                ~~~~~~~~~~~~~~~~~~~~~~~~~~~~
#27 5.157 
#27 5.157 
#27 5.157 â–² [WARNING] NG8107: The left side of this optional chain operation does not include 'null' or 'undefined' in its type, therefore the '?.' operator can be replaced with the '.' operator. [plugin angular-compiler]
#27 5.157 
#27 5.157     src/app/pages/dashboard/dashboard.component.html:133:33:
#27 5.157       133 â”‚ ...            {{ userSearch?.yearFrom }}â€“{{ userSearch?.yearTo...
#27 5.157           â•µ                               ~~~~~~~~
#27 5.157 
#27 5.157   Warning occurs in the template of component DashboardComponent.
#27 5.157 
#27 5.157     src/app/pages/dashboard/dashboard.component.ts:12:15:
#27 5.157       12 â”‚   templateUrl: './dashboard.component.html',
#27 5.157          â•µ                ~~~~~~~~~~~~~~~~~~~~~~~~~~~~
#27 5.157 
#27 5.157 
#27 5.157 â–² [WARNING] NG8107: The left side of this optional chain operation does not include 'null' or 'undefined' in its type, therefore the '?.' operator can be replaced with the '.' operator. [plugin angular-compiler]
#27 5.157 
#27 5.157     src/app/pages/dashboard/dashboard.component.html:133:60:
#27 5.157       133 â”‚ ...           {{ userSearch?.yearFrom }}â€“{{ userSearch?.yearTo }},
#27 5.157           â•µ                                                       ~~~~~~
#27 5.157 
#27 5.157   Warning occurs in the template of component DashboardComponent.
#27 5.157 
#27 5.157     src/app/pages/dashboard/dashboard.component.ts:12:15:
#27 5.157       12 â”‚   templateUrl: './dashboard.component.html',
#27 5.157          â•µ                ~~~~~~~~~~~~~~~~~~~~~~~~~~~~
#27 5.157 
#27 5.157 
#27 5.157 â–² [WARNING] NG8107: The left side of this optional chain operation does not include 'null' or 'undefined' in its type, therefore the '?.' operator can be replaced with the '.' operator. [plugin angular-compiler]
#27 5.157 
#27 5.157     src/app/pages/dashboard/dashboard.component.html:134:33:
#27 5.157       134 â”‚ ...            {{ userSearch?.maxPrice || 'Ð±ÐµÐ· Ð¾Ð³Ñ€Ð°Ð½Ð¸Ñ‡ï¿½...
#27 5.157           â•µ                               ~~~~~~~~
#27 5.157 
#27 5.157   Warning occurs in the template of component DashboardComponent.
#27 5.157 
#27 5.157     src/app/pages/dashboard/dashboard.component.ts:12:15:
#27 5.157       12 â”‚   templateUrl: './dashboard.component.html',
#27 5.157          â•µ                ~~~~~~~~~~~~~~~~~~~~~~~~~~~~
#27 5.157 
#27 5.157 
#27 5.157 â–² [WARNING] NG8107: The left side of this optional chain operation does not include 'null' or 'undefined' in its type, therefore the '?.' operator can be replaced with the '.' operator. [plugin angular-compiler]
#27 5.157 
#27 5.157     src/app/pages/dashboard/dashboard.component.html:137:68:
#27 5.157       137 â”‚ ...atus-badge status-badge_{{ userSearch?.status?.toLowerCase() }}">
#27 5.157           â•µ                                           ~~~~~~
#27 5.157 
#27 5.157   Warning occurs in the template of component DashboardComponent.
#27 5.157 
#27 5.157     src/app/pages/dashboard/dashboard.component.ts:12:15:
#27 5.157       12 â”‚   templateUrl: './dashboard.component.html',
#27 5.157          â•µ                ~~~~~~~~~~~~~~~~~~~~~~~~~~~~
#27 5.157 
#27 5.157 
#27 5.157 â–² [WARNING] NG8107: The left side of this optional chain operation does not include 'null' or 'undefined' in its type, therefore the '?.' operator can be replaced with the '.' operator. [plugin angular-compiler]
#27 5.157 
#27 5.157     src/app/pages/dashboard/dashboard.component.html:138:46:
#27 5.157       138 â”‚                 {{ getStatusLabel(userSearch?.status || '') }}
#27 5.157           â•µ                                               ~~~~~~
#27 5.157 
#27 5.157   Warning occurs in the template of component DashboardComponent.
#27 5.157 
#27 5.157     src/app/pages/dashboard/dashboard.component.ts:12:15:
#27 5.157       12 â”‚   templateUrl: './dashboard.component.html',
#27 5.157          â•µ                ~~~~~~~~~~~~~~~~~~~~~~~~~~~~
#27 5.157 
#27 5.157 
#27 5.157 â–² [WARNING] Deprecation [plugin angular-sass]
#27 5.157 
#27 5.157     src/styles.scss:2:8:
#27 5.157       2 â”‚ @import "bootstrap/scss/bootstrap";
#27 5.157         â•µ         ^
#27 5.157 
#27 5.157 
#27 5.157   Sass @import rules are deprecated and will be removed in Dart Sass 3.0.0.
#27 5.157   
#27 5.157   More info and automated migrator: https://sass-lang.com/d/import
#27 5.157 
#27 5.157   The plugin "angular-sass" was triggered by this import
#27 5.157 
#27 5.157     angular:styles/global:styles:1:8:
#27 5.157       1 â”‚ @import 'src/styles.scss';
#27 5.157         â•µ         ~~~~~~~~~~~~~~~~~
#27 5.157 
#27 5.157 
#27 5.157 â–² [WARNING] bundle initial exceeded maximum budget. Budget 500.00 kB was not met by 12.94 kB with a total of 512.94 kB.
#27 5.157 
#27 5.157 
#27 5.157 â–² [WARNING] src/app/pages/cars-list/cars-list.component.scss exceeded maximum budget. Budget 4.00 kB was not met by 2.79 kB with a total of 6.79 kB.
#27 5.157 
#27 5.157 
#27 5.157 â–² [WARNING] src/app/pages/dashboard/dashboard.component.scss exceeded maximum budget. Budget 4.00 kB was not met by 366 bytes with a total of 4.37 kB.
#27 5.157 
#27 5.157 
#27 5.158 Output location: /app/dist/auto-pulse-web
#27 5.158 
#27 DONE 6.6s

#9 [worker internal] load build context
#9 ...

#28 [frontend stage-1 3/3] COPY --from=build /app/dist/auto-pulse-web/browser /usr/share/nginx/html
#28 DONE 0.5s

#9 [worker internal] load build context
#9 ...

#29 [frontend] exporting to image
#29 exporting layers 0.3s done
#29 exporting manifest sha256:42d52bfe2ca105dfbbb9bbc99c3674889131c147479a7a7d99678fd24cb87718 0.0s done
#29 exporting config sha256:e41c4bbfac3f9bf515e53011d884d7a8b76d8e07632b57ca98da2746c6bef693 0.0s done
#29 exporting attestation manifest sha256:ef1c35b7ad52b0dd260803c1b68b0bbb6ce2160b2c87b9eef266c47e535709ab 0.0s done
#29 exporting manifest list sha256:54234666af3a38c02bbd56d85ac2a45d85109be4f415db529cc13e6ae337d5b8 0.0s done
#29 naming to docker.io/library/auto-pulse-frontend:latest done
#29 unpacking to docker.io/library/auto-pulse-frontend:latest 0.1s done
#29 DONE 0.6s

#9 [worker internal] load build context
#9 ...

#30 [frontend] resolving provenance for metadata file
#30 DONE 0.1s

#9 [worker internal] load build context
#9 transferring context: 410.89MB 36.8s
#9 transferring context: 493.83MB 41.8s
#9 transferring context: 574.62MB 46.9s
#9 transferring context: 657.39MB 51.9s
#9 transferring context: 737.80MB 57.0s
#9 transferring context: 804.60MB 62.0s
#9 transferring context: 833.08MB 65.2s done
#9 DONE 66.6s

#31 [api build 4/9] COPY [src/AutoPulse.Infrastructure/AutoPulse.Infrastructure.csproj, src/AutoPulse.Infrastructure/]
#31 CACHED

#32 [api build 6/9] COPY [src/AutoPulse.Domain/AutoPulse.Domain.csproj, src/AutoPulse.Domain/]
#32 CACHED

#33 [api build 3/9] COPY [src/AutoPulse.Api/AutoPulse.Api.csproj, src/AutoPulse.Api/]
#33 CACHED

#34 [api build 5/9] COPY [src/AutoPulse.Application/AutoPulse.Application.csproj, src/AutoPulse.Application/]
#34 CACHED

#35 [api build 7/9] RUN dotnet restore "src/AutoPulse.Api/AutoPulse.Api.csproj"
#35 CACHED

#36 [api build 2/9] WORKDIR /src
#36 CACHED

#37 [worker build 6/9] COPY [src/AutoPulse.Domain/AutoPulse.Domain.csproj, src/AutoPulse.Domain/]
#37 CACHED

#38 [worker build 5/9] COPY [src/AutoPulse.Application/AutoPulse.Application.csproj, src/AutoPulse.Application/]
#38 CACHED

#39 [worker build 4/9] COPY [src/AutoPulse.Infrastructure/AutoPulse.Infrastructure.csproj, src/AutoPulse.Infrastructure/]
#39 CACHED

#40 [worker build 3/9] COPY [src/AutoPulse.Worker/AutoPulse.Worker.csproj, src/AutoPulse.Worker/]
#40 CACHED

#41 [worker build 7/9] RUN dotnet restore "src/AutoPulse.Worker/AutoPulse.Worker.csproj"
#41 CACHED

#42 [api build 8/9] COPY . .
#42 ...

#43 [worker build 8/9] COPY . .
#43 ...

#42 [api build 8/9] COPY . .
#42 DONE 51.6s

#43 [worker build 8/9] COPY . .
#43 DONE 51.6s

#44 [worker build 9/9] RUN dotnet build "src/AutoPulse.Worker/AutoPulse.Worker.csproj" -c Release -o /app/build
#44 3.241   Determining projects to restore...
#44 4.024   Restored /src/src/AutoPulse.Domain/AutoPulse.Domain.csproj (in 142 ms).
#44 4.162   Restored /src/src/AutoPulse.Application/AutoPulse.Application.csproj (in 288 ms).
#44 4.233   Restored /src/src/AutoPulse.Infrastructure/AutoPulse.Infrastructure.csproj (in 358 ms).
#44 5.706 /src/src/AutoPulse.Worker/AutoPulse.Worker.csproj : warning NU1603: AutoPulse.Worker depends on Microsoft.EntityFrameworkCore.Design (>= 11.0.0-preview.1.26102.2) but Microsoft.EntityFrameworkCore.Design 11.0.0-preview.1.26102.2 was not found. Microsoft.EntityFrameworkCore.Design 11.0.0-preview.1.26104.118 was resolved instead.
#44 5.748   Restored /src/src/AutoPulse.Worker/AutoPulse.Worker.csproj (in 1.87 sec).
#44 6.391   Restored /src/src/AutoPulse.Parsing/AutoPulse.Parsing.csproj (in 2.52 sec).
#44 6.465 /usr/share/dotnet/sdk/11.0.100-preview.1.26104.118/Sdks/Microsoft.NET.Sdk/targets/Microsoft.NET.RuntimeIdentifierInference.targets(383,5): message NETSDK1057: You are using a preview version of .NET. See: https://aka.ms/dotnet-support-policy [/src/src/AutoPulse.Worker/AutoPulse.Worker.csproj]
#44 6.649 /src/src/AutoPulse.Worker/AutoPulse.Worker.csproj : warning NU1603: AutoPulse.Worker depends on Microsoft.EntityFrameworkCore.Design (>= 11.0.0-preview.1.26102.2) but Microsoft.EntityFrameworkCore.Design 11.0.0-preview.1.26102.2 was not found. Microsoft.EntityFrameworkCore.Design 11.0.0-preview.1.26104.118 was resolved instead.
#44 6.945 /usr/share/dotnet/sdk/11.0.100-preview.1.26104.118/Sdks/Microsoft.NET.Sdk/targets/Microsoft.NET.RuntimeIdentifierInference.targets(383,5): message NETSDK1057: You are using a preview version of .NET. See: https://aka.ms/dotnet-support-policy [/src/src/AutoPulse.Infrastructure/AutoPulse.Infrastructure.csproj]
#44 6.945 /usr/share/dotnet/sdk/11.0.100-preview.1.26104.118/Sdks/Microsoft.NET.Sdk/targets/Microsoft.NET.RuntimeIdentifierInference.targets(383,5): message NETSDK1057: You are using a preview version of .NET. See: https://aka.ms/dotnet-support-policy [/src/src/AutoPulse.Parsing/AutoPulse.Parsing.csproj]
#44 6.952 /usr/share/dotnet/sdk/11.0.100-preview.1.26104.118/Sdks/Microsoft.NET.Sdk/targets/Microsoft.NET.RuntimeIdentifierInference.targets(383,5): message NETSDK1057: You are using a preview version of .NET. See: https://aka.ms/dotnet-support-policy [/src/src/AutoPulse.Domain/AutoPulse.Domain.csproj]
#44 8.608   AutoPulse.Domain -> /app/build/AutoPulse.Domain.dll
#44 9.100 /src/src/AutoPulse.Application/Common/Specifications/DealerSpecifications.cs(62,25): warning CS8603: Possible null reference return. [/src/src/AutoPulse.Application/AutoPulse.Application.csproj]
#44 9.139   AutoPulse.Application -> /app/build/AutoPulse.Application.dll
#44 9.954   AutoPulse.Parsing -> /app/build/AutoPulse.Parsing.dll
#44 ...

#45 [api build 9/9] RUN dotnet build "src/AutoPulse.Api/AutoPulse.Api.csproj" -c Release -o /app/build
#45 3.262   Determining projects to restore...
#45 4.031   Restored /src/src/AutoPulse.Domain/AutoPulse.Domain.csproj (in 109 ms).
#45 4.189   Restored /src/src/AutoPulse.Application/AutoPulse.Application.csproj (in 294 ms).
#45 4.247   Restored /src/src/AutoPulse.Infrastructure/AutoPulse.Infrastructure.csproj (in 352 ms).
#45 4.248   Restored /src/src/AutoPulse.Api/AutoPulse.Api.csproj (in 353 ms).
#45 4.361 /usr/share/dotnet/sdk/11.0.100-preview.1.26104.118/Sdks/Microsoft.NET.Sdk/targets/Microsoft.NET.RuntimeIdentifierInference.targets(383,5): message NETSDK1057: You are using a preview version of .NET. See: https://aka.ms/dotnet-support-policy [/src/src/AutoPulse.Api/AutoPulse.Api.csproj]
#45 4.809 /usr/share/dotnet/sdk/11.0.100-preview.1.26104.118/Sdks/Microsoft.NET.Sdk/targets/Microsoft.NET.RuntimeIdentifierInference.targets(383,5): message NETSDK1057: You are using a preview version of .NET. See: https://aka.ms/dotnet-support-policy [/src/src/AutoPulse.Infrastructure/AutoPulse.Infrastructure.csproj]
#45 4.822 /usr/share/dotnet/sdk/11.0.100-preview.1.26104.118/Sdks/Microsoft.NET.Sdk/targets/Microsoft.NET.RuntimeIdentifierInference.targets(383,5): message NETSDK1057: You are using a preview version of .NET. See: https://aka.ms/dotnet-support-policy [/src/src/AutoPulse.Domain/AutoPulse.Domain.csproj]
#45 7.590   AutoPulse.Domain -> /app/build/AutoPulse.Domain.dll
#45 8.208 /src/src/AutoPulse.Application/Common/Specifications/DealerSpecifications.cs(62,25): warning CS8603: Possible null reference return. [/src/src/AutoPulse.Application/AutoPulse.Application.csproj]
#45 8.256   AutoPulse.Application -> /app/build/AutoPulse.Application.dll
#45 9.153   AutoPulse.Infrastructure -> /app/build/AutoPulse.Infrastructure.dll
#45 10.61 /src/src/AutoPulse.Api/Services/JwtTokenService.cs(101,22): warning SYSLIB0060: 'Rfc2898DeriveBytes.Rfc2898DeriveBytes(string, byte[], int, HashAlgorithmName)' is obsolete: 'The constructors on Rfc2898DeriveBytes are obsolete. Use the static Pbkdf2 method instead.' (https://aka.ms/dotnet-warnings/SYSLIB0060) [/src/src/AutoPulse.Api/AutoPulse.Api.csproj]
#45 10.61 /src/src/AutoPulse.Api/Services/JwtTokenService.cs(116,22): warning SYSLIB0060: 'Rfc2898DeriveBytes.Rfc2898DeriveBytes(string, byte[], int, HashAlgorithmName)' is obsolete: 'The constructors on Rfc2898DeriveBytes are obsolete. Use the static Pbkdf2 method instead.' (https://aka.ms/dotnet-warnings/SYSLIB0060) [/src/src/AutoPulse.Api/AutoPulse.Api.csproj]
#45 ...

#44 [worker build 9/9] RUN dotnet build "src/AutoPulse.Worker/AutoPulse.Worker.csproj" -c Release -o /app/build
#44 11.14   AutoPulse.Infrastructure -> /app/build/AutoPulse.Infrastructure.dll
#44 ...

#45 [api build 9/9] RUN dotnet build "src/AutoPulse.Api/AutoPulse.Api.csproj" -c Release -o /app/build
#45 13.35   AutoPulse.Api -> /app/build/AutoPulse.Api.dll
#45 13.36 
#45 13.36 Build succeeded.
#45 13.36 
#45 13.36 /src/src/AutoPulse.Application/Common/Specifications/DealerSpecifications.cs(62,25): warning CS8603: Possible null reference return. [/src/src/AutoPulse.Application/AutoPulse.Application.csproj]
#45 13.36 /src/src/AutoPulse.Api/Services/JwtTokenService.cs(101,22): warning SYSLIB0060: 'Rfc2898DeriveBytes.Rfc2898DeriveBytes(string, byte[], int, HashAlgorithmName)' is obsolete: 'The constructors on Rfc2898DeriveBytes are obsolete. Use the static Pbkdf2 method instead.' (https://aka.ms/dotnet-warnings/SYSLIB0060) [/src/src/AutoPulse.Api/AutoPulse.Api.csproj]
#45 13.36 /src/src/AutoPulse.Api/Services/JwtTokenService.cs(116,22): warning SYSLIB0060: 'Rfc2898DeriveBytes.Rfc2898DeriveBytes(string, byte[], int, HashAlgorithmName)' is obsolete: 'The constructors on Rfc2898DeriveBytes are obsolete. Use the static Pbkdf2 method instead.' (https://aka.ms/dotnet-warnings/SYSLIB0060) [/src/src/AutoPulse.Api/AutoPulse.Api.csproj]
#45 13.36     3 Warning(s)
#45 13.36     0 Error(s)
#45 13.36 
#45 13.36 Time Elapsed 00:00:10.69
#45 DONE 17.9s

#44 [worker build 9/9] RUN dotnet build "src/AutoPulse.Worker/AutoPulse.Worker.csproj" -c Release -o /app/build
#44 16.84   AutoPulse.Worker -> /app/build/AutoPulse.Worker.dll
#44 16.88 
#44 16.88 Build succeeded.
#44 16.88 
#44 16.88 /src/src/AutoPulse.Worker/AutoPulse.Worker.csproj : warning NU1603: AutoPulse.Worker depends on Microsoft.EntityFrameworkCore.Design (>= 11.0.0-preview.1.26102.2) but Microsoft.EntityFrameworkCore.Design 11.0.0-preview.1.26102.2 was not found. Microsoft.EntityFrameworkCore.Design 11.0.0-preview.1.26104.118 was resolved instead.
#44 16.88 /src/src/AutoPulse.Worker/AutoPulse.Worker.csproj : warning NU1603: AutoPulse.Worker depends on Microsoft.EntityFrameworkCore.Design (>= 11.0.0-preview.1.26102.2) but Microsoft.EntityFrameworkCore.Design 11.0.0-preview.1.26102.2 was not found. Microsoft.EntityFrameworkCore.Design 11.0.0-preview.1.26104.118 was resolved instead.
#44 16.88 /src/src/AutoPulse.Application/Common/Specifications/DealerSpecifications.cs(62,25): warning CS8603: Possible null reference return. [/src/src/AutoPulse.Application/AutoPulse.Application.csproj]
#44 16.88     3 Warning(s)
#44 16.88     0 Error(s)
#44 16.88 
#44 16.88 Time Elapsed 00:00:14.23
#44 DONE 17.9s

#46 [worker publish 1/1] RUN dotnet publish "src/AutoPulse.Worker/AutoPulse.Worker.csproj" -c Release -o /app/publish /p:UseAppHost=false
#46 0.784   Determining projects to restore...
#46 1.275 /src/src/AutoPulse.Worker/AutoPulse.Worker.csproj : warning NU1603: AutoPulse.Worker depends on Microsoft.EntityFrameworkCore.Design (>= 11.0.0-preview.1.26102.2) but Microsoft.EntityFrameworkCore.Design 11.0.0-preview.1.26102.2 was not found. Microsoft.EntityFrameworkCore.Design 11.0.0-preview.1.26104.118 was resolved instead.
#46 1.277   All projects are up-to-date for restore.
#46 1.331 /usr/share/dotnet/sdk/11.0.100-preview.1.26104.118/Sdks/Microsoft.NET.Sdk/targets/Microsoft.NET.RuntimeIdentifierInference.targets(383,5): message NETSDK1057: You are using a preview version of .NET. See: https://aka.ms/dotnet-support-policy [/src/src/AutoPulse.Worker/AutoPulse.Worker.csproj]
#46 1.349 /src/src/AutoPulse.Worker/AutoPulse.Worker.csproj : warning NU1603: AutoPulse.Worker depends on Microsoft.EntityFrameworkCore.Design (>= 11.0.0-preview.1.26102.2) but Microsoft.EntityFrameworkCore.Design 11.0.0-preview.1.26102.2 was not found. Microsoft.EntityFrameworkCore.Design 11.0.0-preview.1.26104.118 was resolved instead.
#46 1.614 /usr/share/dotnet/sdk/11.0.100-preview.1.26104.118/Sdks/Microsoft.NET.Sdk/targets/Microsoft.NET.RuntimeIdentifierInference.targets(383,5): message NETSDK1057: You are using a preview version of .NET. See: https://aka.ms/dotnet-support-policy [/src/src/AutoPulse.Infrastructure/AutoPulse.Infrastructure.csproj]
#46 1.616 /usr/share/dotnet/sdk/11.0.100-preview.1.26104.118/Sdks/Microsoft.NET.Sdk/targets/Microsoft.NET.RuntimeIdentifierInference.targets(383,5): message NETSDK1057: You are using a preview version of .NET. See: https://aka.ms/dotnet-support-policy [/src/src/AutoPulse.Domain/AutoPulse.Domain.csproj]
#46 1.616 /usr/share/dotnet/sdk/11.0.100-preview.1.26104.118/Sdks/Microsoft.NET.Sdk/targets/Microsoft.NET.RuntimeIdentifierInference.targets(383,5): message NETSDK1057: You are using a preview version of .NET. See: https://aka.ms/dotnet-support-policy [/src/src/AutoPulse.Parsing/AutoPulse.Parsing.csproj]
#46 1.797   AutoPulse.Domain -> /src/src/AutoPulse.Domain/bin/Release/net11.0/AutoPulse.Domain.dll
#46 1.876   AutoPulse.Parsing -> /src/src/AutoPulse.Parsing/bin/Release/net11.0/AutoPulse.Parsing.dll
#46 5.211 /src/src/AutoPulse.Application/Common/Specifications/DealerSpecifications.cs(62,25): warning CS8603: Possible null reference return. [/src/src/AutoPulse.Application/AutoPulse.Application.csproj]
#46 5.291   AutoPulse.Application -> /src/src/AutoPulse.Application/bin/Release/net11.0/AutoPulse.Application.dll
#46 5.776   AutoPulse.Infrastructure -> /src/src/AutoPulse.Infrastructure/bin/Release/net11.0/AutoPulse.Infrastructure.dll
#46 6.157   AutoPulse.Worker -> /src/src/AutoPulse.Worker/bin/Release/net11.0/AutoPulse.Worker.dll
#46 6.415   AutoPulse.Worker -> /app/publish/
#46 ...

#47 [api publish 1/1] RUN dotnet publish "src/AutoPulse.Api/AutoPulse.Api.csproj" -c Release -o /app/publish /p:UseAppHost=false
#47 0.842   Determining projects to restore...
#47 1.343   All projects are up-to-date for restore.
#47 1.405 /usr/share/dotnet/sdk/11.0.100-preview.1.26104.118/Sdks/Microsoft.NET.Sdk/targets/Microsoft.NET.RuntimeIdentifierInference.targets(383,5): message NETSDK1057: You are using a preview version of .NET. See: https://aka.ms/dotnet-support-policy [/src/src/AutoPulse.Api/AutoPulse.Api.csproj]
#47 1.671 /usr/share/dotnet/sdk/11.0.100-preview.1.26104.118/Sdks/Microsoft.NET.Sdk/targets/Microsoft.NET.RuntimeIdentifierInference.targets(383,5): message NETSDK1057: You are using a preview version of .NET. See: https://aka.ms/dotnet-support-policy [/src/src/AutoPulse.Infrastructure/AutoPulse.Infrastructure.csproj]
#47 1.678 /usr/share/dotnet/sdk/11.0.100-preview.1.26104.118/Sdks/Microsoft.NET.Sdk/targets/Microsoft.NET.RuntimeIdentifierInference.targets(383,5): message NETSDK1057: You are using a preview version of .NET. See: https://aka.ms/dotnet-support-policy [/src/src/AutoPulse.Domain/AutoPulse.Domain.csproj]
#47 1.863   AutoPulse.Domain -> /src/src/AutoPulse.Domain/bin/Release/net11.0/AutoPulse.Domain.dll
#47 5.237 /src/src/AutoPulse.Application/Common/Specifications/DealerSpecifications.cs(62,25): warning CS8603: Possible null reference return. [/src/src/AutoPulse.Application/AutoPulse.Application.csproj]
#47 5.294   AutoPulse.Application -> /src/src/AutoPulse.Application/bin/Release/net11.0/AutoPulse.Application.dll
#47 5.780   AutoPulse.Infrastructure -> /src/src/AutoPulse.Infrastructure/bin/Release/net11.0/AutoPulse.Infrastructure.dll
#47 ...

#46 [worker publish 1/1] RUN dotnet publish "src/AutoPulse.Worker/AutoPulse.Worker.csproj" -c Release -o /app/publish /p:UseAppHost=false
#46 DONE 19.2s

#48 [worker final 3/4] COPY --from=publish /app/publish .
#48 ...

#47 [api publish 1/1] RUN dotnet publish "src/AutoPulse.Api/AutoPulse.Api.csproj" -c Release -o /app/publish /p:UseAppHost=false
#47 19.21 /src/src/AutoPulse.Api/Services/JwtTokenService.cs(101,22): warning SYSLIB0060: 'Rfc2898DeriveBytes.Rfc2898DeriveBytes(string, byte[], int, HashAlgorithmName)' is obsolete: 'The constructors on Rfc2898DeriveBytes are obsolete. Use the static Pbkdf2 method instead.' (https://aka.ms/dotnet-warnings/SYSLIB0060) [/src/src/AutoPulse.Api/AutoPulse.Api.csproj]
#47 19.21 /src/src/AutoPulse.Api/Services/JwtTokenService.cs(116,22): warning SYSLIB0060: 'Rfc2898DeriveBytes.Rfc2898DeriveBytes(string, byte[], int, HashAlgorithmName)' is obsolete: 'The constructors on Rfc2898DeriveBytes are obsolete. Use the static Pbkdf2 method instead.' (https://aka.ms/dotnet-warnings/SYSLIB0060) [/src/src/AutoPulse.Api/AutoPulse.Api.csproj]
#47 19.56   AutoPulse.Api -> /src/src/AutoPulse.Api/bin/Release/net11.0/AutoPulse.Api.dll
#47 19.71   AutoPulse.Api -> /app/publish/
#47 DONE 35.0s

#48 [worker final 3/4] COPY --from=publish /app/publish .
#48 DONE 15.7s

#49 [api final 4/5] COPY --from=publish /app/publish .
#49 DONE 2.6s

#50 [worker final 4/4] RUN useradd -m appuser && chown -R appuser:appuser /app
#50 ...

#51 [api final 5/5] RUN useradd -m appuser && chown -R appuser:appuser /app
#51 DONE 9.8s

#50 [worker final 4/4] RUN useradd -m appuser && chown -R appuser:appuser /app
#50 ...

#52 [api] exporting to image
#52 exporting layers
#52 ...

#50 [worker final 4/4] RUN useradd -m appuser && chown -R appuser:appuser /app
#50 DONE 15.4s

#53 [worker] exporting to image
#53 ...

#52 [api] exporting to image
#52 exporting layers 4.3s done
#52 exporting manifest sha256:790ae01e2ca725887a411ab4d116a6c6a721304c8c70e663e72cbf79ab597bef 0.0s done
#52 exporting config sha256:5ac88532211e7a8076e1e81a4df1b7247b74a345d9eabfe32eac2f4ad795e365 0.0s done
#52 exporting attestation manifest sha256:d890688c8c78ae4d52fe083710842ea2b90fd71c2ba0c4bb1647a9c86d37c60c 0.0s done
#52 exporting manifest list sha256:be1f89e7364415391d7a983361908526a790ddde27b8a82623e51085a7b382ed 0.0s done
#52 naming to docker.io/library/auto-pulse-api:latest done
#52 unpacking to docker.io/library/auto-pulse-api:latest 1.0s done
#52 DONE 5.5s

#54 [api] resolving provenance for metadata file
#54 DONE 0.0s

#53 [worker] exporting to image
#53 exporting layers 7.0s done
#53 exporting manifest sha256:0cef11a25c9798a81685353178d91388d5b74a8a48f02615cb3c193a33a487db 0.0s done
#53 exporting config sha256:0a311dfb5c8b940f6bd52bcbaa49f235ec049e46665055d4043e06938cbfbe90 0.0s done
#53 exporting attestation manifest sha256:09d8f68807586dca091cccb043c3dc3c54855d215416a75a114e76f31d6b6d22 0.0s done
#53 exporting manifest list sha256:2b1507e79fefda96aa7c42822e13ababff5fa45af500b83eb8944b4a3cd6c7ec
#53 exporting manifest list sha256:2b1507e79fefda96aa7c42822e13ababff5fa45af500b83eb8944b4a3cd6c7ec 0.0s done
#53 naming to docker.io/library/auto-pulse-worker:latest done
#53 unpacking to docker.io/library/auto-pulse-worker:latest
#53 unpacking to docker.io/library/auto-pulse-worker:latest 1.5s done
#53 DONE 8.6s

#55 [worker] resolving provenance for metadata file
#55 DONE 0.0s
 Image auto-pulse-worker Built 
 Image auto-pulse-api Built 
 Image auto-pulse-frontend Built 
 Network auto-pulse_autopulse-network Creating 
 Network auto-pulse_autopulse-network Created 
 Container autopulse-rabbitmq Creating 
 Container autopulse-seq Creating 
 Container autopulse-redis Creating 
 Container autopulse-postgres Creating 
 Container autopulse-seq Created 
 Container autopulse-redis Created 
 Container autopulse-rabbitmq Created 
 Container autopulse-postgres Created 
 Container autopulse-worker Creating 
 Container autopulse-api Creating 
 Container autopulse-worker Created 
 Container autopulse-api Created 
 Container autopulse-frontend Creating 
 Container autopulse-frontend Created 
Attaching to autopulse-api, autopulse-frontend, autopulse-postgres, autopulse-rabbitmq, autopulse-redis, autopulse-seq, autopulse-worker
 Container autopulse-seq Starting 
 Container autopulse-rabbitmq Starting 
 Container autopulse-postgres Starting 
 Container autopulse-redis Starting 
 Container autopulse-seq Started 
 Container autopulse-redis Started 
 Container autopulse-rabbitmq Started 
 Container autopulse-postgres Started 
 Container autopulse-postgres Waiting 
 Container autopulse-redis Waiting 
 Container autopulse-rabbitmq Waiting 
 Container autopulse-rabbitmq Waiting 
 Container autopulse-postgres Waiting 
 Container autopulse-redis Waiting 
autopulse-postgres  | 
autopulse-postgres  | PostgreSQL Database directory appears to contain a database; Skipping initialization
autopulse-postgres  | 
autopulse-redis     | 1:C 19 Feb 2026 03:19:48.540 * oO0OoO0OoO0Oo Redis is starting oO0OoO0OoO0Oo
autopulse-redis     | 1:C 19 Feb 2026 03:19:48.544 * Redis version=7.4.7, bits=64, commit=00000000, modified=0, pid=1, just started
autopulse-redis     | 1:C 19 Feb 2026 03:19:48.544 # Warning: no config file specified, using the default config. In order to specify a config file use redis-server /path/to/redis.conf
autopulse-redis     | 1:M 19 Feb 2026 03:19:48.544 * monotonic clock: POSIX clock_gettime
autopulse-redis     | 1:M 19 Feb 2026 03:19:48.548 * Running mode=standalone, port=6379.
autopulse-redis     | 1:M 19 Feb 2026 03:19:48.548 * Server initialized
autopulse-redis     | 1:M 19 Feb 2026 03:19:48.560 * Loading RDB produced by version 7.4.7
autopulse-redis     | 1:M 19 Feb 2026 03:19:48.560 * RDB age 1251 seconds
autopulse-redis     | 1:M 19 Feb 2026 03:19:48.560 * RDB memory usage when created 0.93 Mb
autopulse-redis     | 1:M 19 Feb 2026 03:19:48.560 * Done loading RDB, keys loaded: 0, keys expired: 0.
autopulse-redis     | 1:M 19 Feb 2026 03:19:48.560 * DB loaded from disk: 0.012 seconds
autopulse-redis     | 1:M 19 Feb 2026 03:19:48.560 * Ready to accept connections tcp
autopulse-postgres  | 2026-02-19 03:19:48.848 UTC [1] LOG:  starting PostgreSQL 14.21 on x86_64-pc-linux-musl, compiled by gcc (Alpine 15.2.0) 15.2.0, 64-bit
autopulse-postgres  | 2026-02-19 03:19:48.848 UTC [1] LOG:  listening on IPv4 address "0.0.0.0", port 5432
autopulse-postgres  | 2026-02-19 03:19:48.848 UTC [1] LOG:  listening on IPv6 address "::", port 5432
autopulse-postgres  | 2026-02-19 03:19:48.863 UTC [1] LOG:  listening on Unix socket "/var/run/postgresql/.s.PGSQL.5432"
autopulse-postgres  | 2026-02-19 03:19:48.878 UTC [27] LOG:  database system was shut down at 2026-02-19 02:58:57 UTC
autopulse-postgres  | 2026-02-19 03:19:48.901 UTC [1] LOG:  database system is ready to accept connections
autopulse-seq       | â”€â”€â”€â”€â”€â”€â”€â”€â”€â”€â”€â”€â”€â”€â”€â”€â”€â”€â”€â”€â”€â”€â”€â”€â”€â”€â”€â”€â”€â”€â”€â”€â”€â”€â”€â”€â”€â”€â”€â”€
autopulse-seq       |   Seq â™¦ Machine data, for humans.
autopulse-seq       | â”€â”€â”€â”€â”€â”€â”€â”€â”€â”€â”€ Â© 2026 Datalust Pty Ltd â”€â”€â”€â”€
autopulse-seq       | 
autopulse-seq       | Running as server; press Ctrl+C to exit.
autopulse-seq       | 
autopulse-seq       | [03:19:50 INF] Seq 2025.2.15571 running on OS Ubuntu 22.04.5 LTS
autopulse-seq       | [03:19:51 INF] Seq listening on ["http://localhost/", "https://localhost/", "http://localhost:5341/", "https://localhost:45341/"]
autopulse-seq       | [03:19:51 INF] Opening event store at /data/Stream/stream.flare
autopulse-seq       | [03:19:52 INF] Opening metastore /data/Documents/metastore.flare
autopulse-rabbitmq  | 2026-02-19 03:19:52.058813+00:00 [notice] <0.44.0> Application syslog exited with reason: stopped
autopulse-rabbitmq  | 2026-02-19 03:19:52.062589+00:00 [notice] <0.230.0> Logging: switching to configured handler(s); following messages may not be visible in this log output
autopulse-rabbitmq  | [38;5;87m2026-02-19 03:19:52.063078+00:00 [notice] <0.230.0> Logging: configured log handlers are now ACTIVE[0m
autopulse-seq       | [03:19:52 INF] Applying migration Create the Administrator account
autopulse-seq       | [03:19:52 INF] Closing metastore
autopulse-seq       | [03:19:52 INF] Closing event store
autopulse-seq       | [03:19:52 FTL] Error running the server application
autopulse-seq       | Autofac.Core.DependencyResolutionException: An exception was thrown while activating Î»:Seq.Cluster.SeqNode.
autopulse-seq       |  ---> System.InvalidOperationException: No default admin password was supplied; set `firstRun.adminPassword` or `SEQ_FIRSTRUN_ADMINPASSWORD`, or opt out of authentication using `firstRun.noAuthentication`/`SEQ_FIRSTRUN_NOAUTHENTICATION`.
autopulse-seq       |    at Seq.Data.Users.Migrations.CreateAdminUser.Apply(DocumentSession session)
autopulse-seq       |    at Seq.Metastore.Native.NativeDocumentStore.Migrate(MigrationList migrations)
autopulse-seq       |    at Seq.Cluster.SeqNode.Initialize(IComponentContext ctx, SeqConfig config, StorageLayout layout, String instanceName)
autopulse-seq       |    at Seq.Server.SeqServerModule.<Load>b__9_14(IComponentContext c)
autopulse-seq       |    at Autofac.RegistrationExtensions.<>c__DisplayClass41_0`1.<Register>b__0(IComponentContext c, IEnumerable`1 p)
autopulse-seq       |    at Autofac.Builder.RegistrationBuilder.<>c__DisplayClass0_0`1.<ForDelegate>b__0(IComponentContext c, IEnumerable`1 p)
autopulse-seq       |    at Autofac.Core.Activators.Delegate.DelegateActivator.ActivateInstance(IComponentContext context, IEnumerable`1 parameters)
autopulse-seq       |    at Autofac.Core.Activators.Delegate.DelegateActivator.<ConfigurePipeline>b__2_0(ResolveRequestContext context, Action`1 next)
autopulse-seq       |    at Autofac.Core.Resolving.Middleware.DelegateMiddleware.Execute(ResolveRequestContext context, Action`1 next)
autopulse-seq       |    at Autofac.Core.Resolving.Pipeline.ResolvePipelineBuilder.<>c__DisplayClass14_0.<BuildPipeline>b__1(ResolveRequestContext context)
autopulse-seq       |    at Autofac.Core.Resolving.Middleware.DisposalTrackingMiddleware.Execute(ResolveRequestContext context, Action`1 next)
autopulse-seq       |    at Autofac.Core.Resolving.Pipeline.ResolvePipelineBuilder.<>c__DisplayClass14_0.<BuildPipeline>b__1(ResolveRequestContext context)
autopulse-seq       |    at Autofac.Extensions.DependencyInjection.KeyedServiceMiddleware.Execute(ResolveRequestContext context, Action`1 next)
autopulse-seq       |    at Autofac.Core.Resolving.Pipeline.ResolvePipelineBuilder.<>c__DisplayClass14_0.<BuildPipeline>b__1(ResolveRequestContext context)
autopulse-seq       |    at Autofac.Core.Resolving.Middleware.ActivatorErrorHandlingMiddleware.Execute(ResolveRequestContext context, Action`1 next)
autopulse-seq       |    --- End of inner exception stack trace ---
autopulse-seq       |    at Autofac.Core.Resolving.Middleware.ActivatorErrorHandlingMiddleware.Execute(ResolveRequestContext context, Action`1 next)
autopulse-seq       |    at Autofac.Core.Resolving.Pipeline.ResolvePipelineBuilder.<>c__DisplayClass14_0.<BuildPipeline>b__1(ResolveRequestContext context)
autopulse-seq       |    at Autofac.Core.Pipeline.ResolvePipeline.Invoke(ResolveRequestContext context)
autopulse-seq       |    at Autofac.Core.Resolving.Middleware.RegistrationPipelineInvokeMiddleware.Execute(ResolveRequestContext context, Action`1 next)
autopulse-seq       |    at Autofac.Core.Resolving.Pipeline.ResolvePipelineBuilder.<>c__DisplayClass14_0.<BuildPipeline>b__1(ResolveRequestContext context)
autopulse-seq       |    at Autofac.Core.Resolving.Middleware.SharingMiddleware.<>c__DisplayClass5_0.<Execute>b__0()
autopulse-seq       |    at Autofac.Core.Lifetime.LifetimeScope.CreateSharedInstance(Guid id, Func`1 creator)
autopulse-seq       |    at Autofac.Core.Lifetime.LifetimeScope.CreateSharedInstance(Guid primaryId, Nullable`1 qualifyingId, Func`1 creator)
autopulse-seq       |    at Autofac.Core.Resolving.Middleware.SharingMiddleware.Execute(ResolveRequestContext context, Action`1 next)
autopulse-seq       |    at Autofac.Core.Resolving.Pipeline.ResolvePipelineBuilder.<>c__DisplayClass14_0.<BuildPipeline>b__1(ResolveRequestContext context)
autopulse-seq       |    at Autofac.Core.Resolving.Pipeline.ResolvePipelineBuilder.<>c__DisplayClass14_0.<BuildPipeline>b__1(ResolveRequestContext context)
autopulse-seq       |    at Autofac.Core.Resolving.Middleware.CircularDependencyDetectorMiddleware.Execute(ResolveRequestContext context, Action`1 next)
autopulse-seq       |    at Autofac.Core.Resolving.Pipeline.ResolvePipelineBuilder.<>c__DisplayClass14_0.<BuildPipeline>b__1(ResolveRequestContext context)
autopulse-seq       |    at Autofac.Core.Pipeline.ResolvePipeline.Invoke(ResolveRequestContext context)
autopulse-seq       |    at Autofac.Core.Resolving.ResolveOperation.GetOrCreateInstance(ISharingLifetimeScope currentOperationScope, ResolveRequest& request)
autopulse-seq       |    at Autofac.Core.Resolving.ResolveOperation.ExecuteOperation(ResolveRequest& request)
autopulse-seq       |    at Autofac.Core.Resolving.ResolveOperation.Execute(ResolveRequest& request)
autopulse-seq       |    at Autofac.Core.Lifetime.LifetimeScope.ResolveComponent(ResolveRequest& request)
autopulse-seq       |    at Autofac.Core.Container.ResolveComponent(ResolveRequest& request)
autopulse-seq       |    at Autofac.Core.Container.Autofac.IComponentContext.ResolveComponent(ResolveRequest& request)
autopulse-seq       |    at Autofac.ResolutionExtensions.TryResolveService(IComponentContext context, Service service, IEnumerable`1 parameters, Object& instance)
autopulse-seq       |    at Autofac.ResolutionExtensions.ResolveService(IComponentContext context, Service service, IEnumerable`1 parameters)
autopulse-seq       |    at Autofac.ResolutionExtensions.Resolve(IComponentContext context, Type serviceType, IEnumerable`1 parameters)
autopulse-seq       |    at Autofac.ResolutionExtensions.Resolve[TService](IComponentContext context, IEnumerable`1 parameters)
autopulse-seq       |    at Autofac.ResolutionExtensions.Resolve[TService](IComponentContext context)
autopulse-seq       |    at Seq.ServiceProcess.ServerService.<RunImplAsync>b__11_0(CancellationToken _)
autopulse-seq       |    at Seq.Engine.Workers.WorkerPool.<>c__DisplayClass7_0`1.<Run>g__DoWork|0()
autopulse-seq       |    at System.Threading.Tasks.Task`1.InnerInvoke()
autopulse-seq       |    at System.Threading.ExecutionContext.RunFromThreadPoolDispatchLoop(Thread threadPoolThread, ExecutionContext executionContext, ContextCallback callback, Object state)
autopulse-seq       | --- End of stack trace from previous location ---
autopulse-seq       |    at System.Threading.ExecutionContext.RunFromThreadPoolDispatchLoop(Thread threadPoolThread, ExecutionContext executionContext, ContextCallback callback, Object state)
autopulse-seq       |    at System.Threading.Tasks.Task.ExecuteWithThreadLocal(Task& currentTaskSlot, Thread threadPoolThread)
autopulse-seq       | --- End of stack trace from previous location ---
autopulse-seq       |    at Seq.ServiceProcess.ServerService.RunImplAsync()
autopulse-seq       | [03:19:52 FTL] Failed to start server
autopulse-seq       | Autofac.Core.DependencyResolutionException: An exception was thrown while activating Î»:Seq.Cluster.SeqNode.
autopulse-seq       |  ---> System.InvalidOperationException: No default admin password was supplied; set `firstRun.adminPassword` or `SEQ_FIRSTRUN_ADMINPASSWORD`, or opt out of authentication using `firstRun.noAuthentication`/`SEQ_FIRSTRUN_NOAUTHENTICATION`.
autopulse-seq       |    at Seq.Data.Users.Migrations.CreateAdminUser.Apply(DocumentSession session)
autopulse-seq       |    at Seq.Metastore.Native.NativeDocumentStore.Migrate(MigrationList migrations)
autopulse-seq       |    at Seq.Cluster.SeqNode.Initialize(IComponentContext ctx, SeqConfig config, StorageLayout layout, String instanceName)
autopulse-seq       |    at Seq.Server.SeqServerModule.<Load>b__9_14(IComponentContext c)
autopulse-seq       |    at Autofac.RegistrationExtensions.<>c__DisplayClass41_0`1.<Register>b__0(IComponentContext c, IEnumerable`1 p)
autopulse-seq       |    at Autofac.Builder.RegistrationBuilder.<>c__DisplayClass0_0`1.<ForDelegate>b__0(IComponentContext c, IEnumerable`1 p)
autopulse-seq       |    at Autofac.Core.Activators.Delegate.DelegateActivator.ActivateInstance(IComponentContext context, IEnumerable`1 parameters)
autopulse-seq       |    at Autofac.Core.Activators.Delegate.DelegateActivator.<ConfigurePipeline>b__2_0(ResolveRequestContext context, Action`1 next)
autopulse-seq       |    at Autofac.Core.Resolving.Middleware.DelegateMiddleware.Execute(ResolveRequestContext context, Action`1 next)
autopulse-seq       |    at Autofac.Core.Resolving.Pipeline.ResolvePipelineBuilder.<>c__DisplayClass14_0.<BuildPipeline>b__1(ResolveRequestContext context)
autopulse-seq       |    at Autofac.Core.Resolving.Middleware.DisposalTrackingMiddleware.Execute(ResolveRequestContext context, Action`1 next)
autopulse-seq       |    at Autofac.Core.Resolving.Pipeline.ResolvePipelineBuilder.<>c__DisplayClass14_0.<BuildPipeline>b__1(ResolveRequestContext context)
autopulse-seq       |    at Autofac.Extensions.DependencyInjection.KeyedServiceMiddleware.Execute(ResolveRequestContext context, Action`1 next)
autopulse-seq       |    at Autofac.Core.Resolving.Pipeline.ResolvePipelineBuilder.<>c__DisplayClass14_0.<BuildPipeline>b__1(ResolveRequestContext context)
autopulse-seq       |    at Autofac.Core.Resolving.Middleware.ActivatorErrorHandlingMiddleware.Execute(ResolveRequestContext context, Action`1 next)
autopulse-seq       |    --- End of inner exception stack trace ---
autopulse-seq       |    at Autofac.Core.Resolving.Middleware.ActivatorErrorHandlingMiddleware.Execute(ResolveRequestContext context, Action`1 next)
autopulse-seq       |    at Autofac.Core.Resolving.Pipeline.ResolvePipelineBuilder.<>c__DisplayClass14_0.<BuildPipeline>b__1(ResolveRequestContext context)
autopulse-seq       |    at Autofac.Core.Pipeline.ResolvePipeline.Invoke(ResolveRequestContext context)
autopulse-seq       |    at Autofac.Core.Resolving.Middleware.RegistrationPipelineInvokeMiddleware.Execute(ResolveRequestContext context, Action`1 next)
autopulse-seq       |    at Autofac.Core.Resolving.Pipeline.ResolvePipelineBuilder.<>c__DisplayClass14_0.<BuildPipeline>b__1(ResolveRequestContext context)
autopulse-seq       |    at Autofac.Core.Resolving.Middleware.SharingMiddleware.<>c__DisplayClass5_0.<Execute>b__0()
autopulse-seq       |    at Autofac.Core.Lifetime.LifetimeScope.CreateSharedInstance(Guid id, Func`1 creator)
autopulse-seq       |    at Autofac.Core.Lifetime.LifetimeScope.CreateSharedInstance(Guid primaryId, Nullable`1 qualifyingId, Func`1 creator)
autopulse-seq       |    at Autofac.Core.Resolving.Middleware.SharingMiddleware.Execute(ResolveRequestContext context, Action`1 next)
autopulse-seq       |    at Autofac.Core.Resolving.Pipeline.ResolvePipelineBuilder.<>c__DisplayClass14_0.<BuildPipeline>b__1(ResolveRequestContext context)
autopulse-seq       |    at Autofac.Core.Resolving.Pipeline.ResolvePipelineBuilder.<>c__DisplayClass14_0.<BuildPipeline>b__1(ResolveRequestContext context)
autopulse-seq       |    at Autofac.Core.Resolving.Middleware.CircularDependencyDetectorMiddleware.Execute(ResolveRequestContext context, Action`1 next)
autopulse-seq       |    at Autofac.Core.Resolving.Pipeline.ResolvePipelineBuilder.<>c__DisplayClass14_0.<BuildPipeline>b__1(ResolveRequestContext context)
autopulse-seq       |    at Autofac.Core.Pipeline.ResolvePipeline.Invoke(ResolveRequestContext context)
autopulse-seq       |    at Autofac.Core.Resolving.ResolveOperation.GetOrCreateInstance(ISharingLifetimeScope currentOperationScope, ResolveRequest& request)
autopulse-seq       |    at Autofac.Core.Resolving.ResolveOperation.ExecuteOperation(ResolveRequest& request)
autopulse-seq       |    at Autofac.Core.Resolving.ResolveOperation.Execute(ResolveRequest& request)
autopulse-seq       |    at Autofac.Core.Lifetime.LifetimeScope.ResolveComponent(ResolveRequest& request)
autopulse-seq       |    at Autofac.Core.Container.ResolveComponent(ResolveRequest& request)
autopulse-seq       |    at Autofac.Core.Container.Autofac.IComponentContext.ResolveComponent(ResolveRequest& request)
autopulse-seq       |    at Autofac.ResolutionExtensions.TryResolveService(IComponentContext context, Service service, IEnumerable`1 parameters, Object& instance)
autopulse-seq       |    at Autofac.ResolutionExtensions.ResolveService(IComponentContext context, Service service, IEnumerable`1 parameters)
autopulse-seq       |    at Autofac.ResolutionExtensions.Resolve(IComponentContext context, Type serviceType, IEnumerable`1 parameters)
autopulse-seq       |    at Autofac.ResolutionExtensions.Resolve[TService](IComponentContext context, IEnumerable`1 parameters)
autopulse-seq       |    at Autofac.ResolutionExtensions.Resolve[TService](IComponentContext context)
autopulse-seq       |    at Seq.ServiceProcess.ServerService.<RunImplAsync>b__11_0(CancellationToken _)
autopulse-seq       |    at Seq.Engine.Workers.WorkerPool.<>c__DisplayClass7_0`1.<Run>g__DoWork|0()
autopulse-seq       |    at System.Threading.Tasks.Task`1.InnerInvoke()
autopulse-seq       |    at System.Threading.ExecutionContext.RunFromThreadPoolDispatchLoop(Thread threadPoolThread, ExecutionContext executionContext, ContextCallback callback, Object state)
autopulse-seq       | --- End of stack trace from previous location ---
autopulse-seq       |    at System.Threading.ExecutionContext.RunFromThreadPoolDispatchLoop(Thread threadPoolThread, ExecutionContext executionContext, ContextCallback callback, Object state)
autopulse-seq       |    at System.Threading.Tasks.Task.ExecuteWithThreadLocal(Task& currentTaskSlot, Thread threadPoolThread)
autopulse-seq       | --- End of stack trace from previous location ---
autopulse-seq       |    at Seq.ServiceProcess.ServerService.RunImplAsync()
autopulse-seq       |    at Seq.Cli.RunCommand.RunStandardIOAsync(Func`1 bootstrap, TextWriter cout)
autopulse-rabbitmq  | 2026-02-19 03:19:52.216860+00:00 [info] <0.230.0> ra: starting system quorum_queues[0m
autopulse-rabbitmq  | 2026-02-19 03:19:52.216918+00:00 [info] <0.230.0> starting Ra system: quorum_queues in directory: /var/lib/rabbitmq/mnesia/rabbit@e94d88617851/quorum/rabbit@e94d88617851[0m
autopulse-rabbitmq  | 2026-02-19 03:19:52.249934+00:00 [info] <0.261.0> ra system 'quorum_queues' running pre init for 0 registered servers[0m
autopulse-rabbitmq  | 2026-02-19 03:19:52.256369+00:00 [info] <0.262.0> ra: meta data store initialised for system quorum_queues. 0 record(s) recovered[0m
autopulse-rabbitmq  | [38;5;87m2026-02-19 03:19:52.264957+00:00 [notice] <0.267.0> WAL: ra_log_wal init, open tbls: ra_log_open_mem_tables, closed tbls: ra_log_closed_mem_tables[0m
autopulse-rabbitmq  | 2026-02-19 03:19:52.269230+00:00 [info] <0.230.0> ra: starting system coordination[0m
autopulse-rabbitmq  | 2026-02-19 03:19:52.269264+00:00 [info] <0.230.0> starting Ra system: coordination in directory: /var/lib/rabbitmq/mnesia/rabbit@e94d88617851/coordination/rabbit@e94d88617851[0m
autopulse-rabbitmq  | 2026-02-19 03:19:52.270311+00:00 [info] <0.274.0> ra system 'coordination' running pre init for 0 registered servers[0m
autopulse-rabbitmq  | 2026-02-19 03:19:52.270867+00:00 [info] <0.275.0> ra: meta data store initialised for system coordination. 0 record(s) recovered[0m
autopulse-rabbitmq  | [38;5;87m2026-02-19 03:19:52.270951+00:00 [notice] <0.280.0> WAL: ra_coordination_log_wal init, open tbls: ra_coordination_log_open_mem_tables, closed tbls: ra_coordination_log_closed_mem_tables[0m
autopulse-rabbitmq  | 2026-02-19 03:19:52.272824+00:00 [info] <0.230.0> [0m
autopulse-rabbitmq  | 2026-02-19 03:19:52.272824+00:00 [info] <0.230.0>  Starting RabbitMQ 3.12.14 on Erlang 25.3.2.15 [jit][0m
autopulse-rabbitmq  | 2026-02-19 03:19:52.272824+00:00 [info] <0.230.0>  Copyright (c) 2007-2024 Broadcom Inc and/or its subsidiaries[0m
autopulse-rabbitmq  | 2026-02-19 03:19:52.272824+00:00 [info] <0.230.0>  Licensed under the MPL 2.0. Website: https://rabbitmq.com[0m
autopulse-rabbitmq  | [38;5;160m2026-02-19 03:19:52.272863+00:00 [error] <0.230.0> This release series has reached end of life and is no longer supported. Please visit https://rabbitmq.com/versions.html to learn more and upgrade[0m
autopulse-rabbitmq  | 
autopulse-rabbitmq  |   ##  ##      RabbitMQ 3.12.14
autopulse-rabbitmq  |   ##  ##
autopulse-rabbitmq  |   ##########  Copyright (c) 2007-2024 Broadcom Inc and/or its subsidiaries
autopulse-rabbitmq  |   ######  ##
autopulse-rabbitmq  |   ##########  Licensed under the MPL 2.0. Website: https://rabbitmq.com
autopulse-rabbitmq  | 
autopulse-rabbitmq  |   Erlang:      25.3.2.15 [jit]
autopulse-rabbitmq  |   TLS Library: OpenSSL - OpenSSL 3.1.7 3 Sep 2024
autopulse-rabbitmq  |   Release series support status: out of support
autopulse-rabbitmq  | 
autopulse-rabbitmq  |   Doc guides:  https://rabbitmq.com/documentation.html
autopulse-rabbitmq  |   Support:     https://rabbitmq.com/contact.html
autopulse-rabbitmq  |   Tutorials:   https://rabbitmq.com/getstarted.html
autopulse-rabbitmq  |   Monitoring:  https://rabbitmq.com/monitoring.html
autopulse-rabbitmq  | 
autopulse-rabbitmq  |   Logs: <stdout>
autopulse-rabbitmq  | 
autopulse-rabbitmq  |   Config file(s): /etc/rabbitmq/conf.d/10-defaults.conf
autopulse-rabbitmq  | 
autopulse-rabbitmq  |   Starting broker...2026-02-19 03:19:52.278082+00:00 [info] <0.230.0> [0m
autopulse-rabbitmq  | 2026-02-19 03:19:52.278082+00:00 [info] <0.230.0>  node           : rabbit@e94d88617851[0m
autopulse-rabbitmq  | 2026-02-19 03:19:52.278082+00:00 [info] <0.230.0>  home dir       : /var/lib/rabbitmq[0m
autopulse-rabbitmq  | 2026-02-19 03:19:52.278082+00:00 [info] <0.230.0>  config file(s) : /etc/rabbitmq/conf.d/10-defaults.conf[0m
autopulse-rabbitmq  | 2026-02-19 03:19:52.278082+00:00 [info] <0.230.0>  cookie hash    : f8IB3GmHtroM7/2/KzdOSA==[0m
autopulse-rabbitmq  | 2026-02-19 03:19:52.278082+00:00 [info] <0.230.0>  log(s)         : <stdout>[0m
autopulse-rabbitmq  | 2026-02-19 03:19:52.278082+00:00 [info] <0.230.0>  data dir       : /var/lib/rabbitmq/mnesia/rabbit@e94d88617851[0m
[Kautopulse-seq exited with code 1
autopulse-rabbitmq  | 2026-02-19 03:19:54.610390+00:00 [info] <0.230.0> Running boot step pre_boot defined by app rabbit[0m
autopulse-rabbitmq  | 2026-02-19 03:19:54.610438+00:00 [info] <0.230.0> Running boot step rabbit_global_counters defined by app rabbit[0m
autopulse-rabbitmq  | 2026-02-19 03:19:54.610817+00:00 [info] <0.230.0> Running boot step rabbit_osiris_metrics defined by app rabbit[0m
autopulse-rabbitmq  | 2026-02-19 03:19:54.610873+00:00 [info] <0.230.0> Running boot step rabbit_core_metrics defined by app rabbit[0m
autopulse-rabbitmq  | 2026-02-19 03:19:54.611431+00:00 [info] <0.230.0> Running boot step rabbit_alarm defined by app rabbit[0m
autopulse-rabbitmq  | 2026-02-19 03:19:54.614901+00:00 [info] <0.299.0> Memory high watermark set to 6360 MiB (6669436518 bytes) of 15901 MiB (16673591296 bytes) total[0m
autopulse-rabbitmq  | 2026-02-19 03:19:54.620945+00:00 [info] <0.301.0> Enabling free disk space monitoring (disk free space: 1010451922944, total memory: 16673591296)[0m
autopulse-rabbitmq  | 2026-02-19 03:19:54.620984+00:00 [info] <0.301.0> Disk free limit set to 50MB[0m
autopulse-rabbitmq  | 2026-02-19 03:19:54.622327+00:00 [info] <0.230.0> Running boot step code_server_cache defined by app rabbit[0m
autopulse-rabbitmq  | 2026-02-19 03:19:54.622385+00:00 [info] <0.230.0> Running boot step file_handle_cache defined by app rabbit[0m
autopulse-rabbitmq  | 2026-02-19 03:19:54.622512+00:00 [info] <0.304.0> Limiting to approx 1048479 file handles (943629 sockets)[0m
autopulse-rabbitmq  | 2026-02-19 03:19:54.622559+00:00 [info] <0.305.0> FHC read buffering: OFF[0m
autopulse-rabbitmq  | 2026-02-19 03:19:54.622584+00:00 [info] <0.305.0> FHC write buffering: ON[0m
autopulse-rabbitmq  | 2026-02-19 03:19:54.623353+00:00 [info] <0.230.0> Running boot step worker_pool defined by app rabbit[0m
autopulse-rabbitmq  | 2026-02-19 03:19:54.623426+00:00 [info] <0.282.0> Will use 20 processes for default worker pool[0m
autopulse-rabbitmq  | 2026-02-19 03:19:54.623448+00:00 [info] <0.282.0> Starting worker pool 'worker_pool' with 20 processes in it[0m
autopulse-rabbitmq  | 2026-02-19 03:19:54.623802+00:00 [info] <0.230.0> Running boot step database defined by app rabbit[0m
autopulse-rabbitmq  | 2026-02-19 03:19:54.624357+00:00 [info] <0.230.0> Node database directory at /var/lib/rabbitmq/mnesia/rabbit@e94d88617851 is empty. Assuming we need to join an existing cluster or initialise from scratch...[0m
autopulse-rabbitmq  | 2026-02-19 03:19:54.624408+00:00 [info] <0.230.0> Configured peer discovery backend: rabbit_peer_discovery_classic_config[0m
autopulse-rabbitmq  | 2026-02-19 03:19:54.624454+00:00 [info] <0.230.0> Will try to lock with peer discovery backend rabbit_peer_discovery_classic_config[0m
autopulse-rabbitmq  | 2026-02-19 03:19:54.624502+00:00 [info] <0.230.0> All discovered existing cluster peers:[0m
autopulse-rabbitmq  | 2026-02-19 03:19:54.624514+00:00 [info] <0.230.0> Discovered no peer nodes to cluster with. Some discovery backends can filter nodes out based on a readiness criteria. Enabling debug logging might help troubleshoot.[0m
autopulse-rabbitmq  | [38;5;87m2026-02-19 03:19:54.625651+00:00 [notice] <0.44.0> Application mnesia exited with reason: stopped[0m
autopulse-rabbitmq  | 2026-02-19 03:19:54.710553+00:00 [info] <0.230.0> Waiting for Mnesia tables for 30000 ms, 9 retries left[0m
autopulse-rabbitmq  | 2026-02-19 03:19:54.710663+00:00 [info] <0.230.0> Successfully synced tables from a peer[0m
autopulse-rabbitmq  | [38;5;87m2026-02-19 03:19:54.710920+00:00 [notice] <0.283.0> Feature flags: attempt to enable `stream_sac_coordinator_unblock_group`...[0m
autopulse-rabbitmq  | [38;5;87m2026-02-19 03:19:54.724248+00:00 [notice] <0.283.0> Feature flags: `stream_sac_coordinator_unblock_group` enabled[0m
autopulse-rabbitmq  | [38;5;87m2026-02-19 03:19:54.724397+00:00 [notice] <0.283.0> Feature flags: attempt to enable `restart_streams`...[0m
autopulse-rabbitmq  | [38;5;87m2026-02-19 03:19:54.738603+00:00 [notice] <0.283.0> Feature flags: `restart_streams` enabled[0m
autopulse-rabbitmq  | 2026-02-19 03:19:54.738901+00:00 [info] <0.230.0> Waiting for Mnesia tables for 30000 ms, 9 retries left[0m
autopulse-rabbitmq  | 2026-02-19 03:19:54.739039+00:00 [info] <0.230.0> Successfully synced tables from a peer[0m
autopulse-rabbitmq  | 2026-02-19 03:19:54.744361+00:00 [info] <0.230.0> Waiting for Mnesia tables for 30000 ms, 9 retries left[0m
autopulse-rabbitmq  | 2026-02-19 03:19:54.744446+00:00 [info] <0.230.0> Successfully synced tables from a peer[0m
autopulse-rabbitmq  | 2026-02-19 03:19:54.744469+00:00 [info] <0.230.0> Peer discovery backend rabbit_peer_discovery_classic_config does not support registration, skipping registration.[0m
autopulse-rabbitmq  | 2026-02-19 03:19:54.744496+00:00 [info] <0.230.0> Will try to unlock with peer discovery backend rabbit_peer_discovery_classic_config[0m
autopulse-rabbitmq  | 2026-02-19 03:19:54.744630+00:00 [info] <0.230.0> Running boot step tracking_metadata_store defined by app rabbit[0m
autopulse-rabbitmq  | 2026-02-19 03:19:54.744723+00:00 [info] <0.498.0> Setting up a table for connection tracking on this node: tracked_connection[0m
autopulse-rabbitmq  | 2026-02-19 03:19:54.744758+00:00 [info] <0.498.0> Setting up a table for per-vhost connection counting on this node: tracked_connection_per_vhost[0m
autopulse-rabbitmq  | 2026-02-19 03:19:54.744914+00:00 [info] <0.498.0> Setting up a table for per-user connection counting on this node: tracked_connection_per_user[0m
autopulse-rabbitmq  | 2026-02-19 03:19:54.744963+00:00 [info] <0.498.0> Setting up a table for channel tracking on this node: tracked_channel[0m
autopulse-rabbitmq  | 2026-02-19 03:19:54.745005+00:00 [info] <0.498.0> Setting up a table for channel tracking on this node: tracked_channel_per_user[0m
autopulse-rabbitmq  | 2026-02-19 03:19:54.745067+00:00 [info] <0.230.0> Running boot step networking_metadata_store defined by app rabbit[0m
autopulse-rabbitmq  | 2026-02-19 03:19:54.745120+00:00 [info] <0.230.0> Running boot step feature_flags defined by app rabbit[0m
autopulse-rabbitmq  | 2026-02-19 03:19:54.745282+00:00 [info] <0.230.0> Running boot step codec_correctness_check defined by app rabbit[0m
autopulse-rabbitmq  | 2026-02-19 03:19:54.745312+00:00 [info] <0.230.0> Running boot step external_infrastructure defined by app rabbit[0m
autopulse-rabbitmq  | 2026-02-19 03:19:54.745336+00:00 [info] <0.230.0> Running boot step rabbit_event defined by app rabbit[0m
autopulse-rabbitmq  | 2026-02-19 03:19:54.745399+00:00 [info] <0.230.0> Running boot step rabbit_registry defined by app rabbit[0m
autopulse-rabbitmq  | 2026-02-19 03:19:54.745453+00:00 [info] <0.230.0> Running boot step rabbit_auth_mechanism_amqplain defined by app rabbit[0m
autopulse-rabbitmq  | 2026-02-19 03:19:54.745599+00:00 [info] <0.230.0> Running boot step rabbit_auth_mechanism_cr_demo defined by app rabbit[0m
autopulse-rabbitmq  | 2026-02-19 03:19:54.745677+00:00 [info] <0.230.0> Running boot step rabbit_auth_mechanism_plain defined by app rabbit[0m
autopulse-rabbitmq  | 2026-02-19 03:19:54.745708+00:00 [info] <0.230.0> Running boot step rabbit_exchange_type_direct defined by app rabbit[0m
autopulse-rabbitmq  | 2026-02-19 03:19:54.745743+00:00 [info] <0.230.0> Running boot step rabbit_exchange_type_fanout defined by app rabbit[0m
autopulse-rabbitmq  | 2026-02-19 03:19:54.745804+00:00 [info] <0.230.0> Running boot step rabbit_exchange_type_headers defined by app rabbit[0m
autopulse-rabbitmq  | 2026-02-19 03:19:54.745869+00:00 [info] <0.230.0> Running boot step rabbit_exchange_type_topic defined by app rabbit[0m
autopulse-rabbitmq  | 2026-02-19 03:19:54.745975+00:00 [info] <0.230.0> Running boot step rabbit_mirror_queue_mode_all defined by app rabbit[0m
autopulse-rabbitmq  | 2026-02-19 03:19:54.746000+00:00 [info] <0.230.0> Running boot step rabbit_mirror_queue_mode_exactly defined by app rabbit[0m
autopulse-rabbitmq  | 2026-02-19 03:19:54.746022+00:00 [info] <0.230.0> Running boot step rabbit_mirror_queue_mode_nodes defined by app rabbit[0m
autopulse-rabbitmq  | 2026-02-19 03:19:54.746040+00:00 [info] <0.230.0> Running boot step rabbit_priority_queue defined by app rabbit[0m
autopulse-rabbitmq  | 2026-02-19 03:19:54.746050+00:00 [info] <0.230.0> Priority queues enabled, real BQ is rabbit_variable_queue[0m
autopulse-rabbitmq  | 2026-02-19 03:19:54.746088+00:00 [info] <0.230.0> Running boot step rabbit_queue_location_client_local defined by app rabbit[0m
autopulse-rabbitmq  | 2026-02-19 03:19:54.746111+00:00 [info] <0.230.0> Running boot step rabbit_queue_location_min_masters defined by app rabbit[0m
autopulse-rabbitmq  | 2026-02-19 03:19:54.746143+00:00 [info] <0.230.0> Running boot step rabbit_queue_location_random defined by app rabbit[0m
autopulse-rabbitmq  | 2026-02-19 03:19:54.746199+00:00 [info] <0.230.0> Running boot step kernel_ready defined by app rabbit[0m
autopulse-rabbitmq  | 2026-02-19 03:19:54.746238+00:00 [info] <0.230.0> Running boot step rabbit_sysmon_minder defined by app rabbit[0m
autopulse-rabbitmq  | 2026-02-19 03:19:54.746409+00:00 [info] <0.230.0> Running boot step rabbit_epmd_monitor defined by app rabbit[0m
autopulse-rabbitmq  | 2026-02-19 03:19:54.747128+00:00 [info] <0.506.0> epmd monitor knows us, inter-node communication (distribution) port: 25672[0m
autopulse-rabbitmq  | 2026-02-19 03:19:54.747196+00:00 [info] <0.230.0> Running boot step guid_generator defined by app rabbit[0m
autopulse-rabbitmq  | 2026-02-19 03:19:54.749028+00:00 [info] <0.230.0> Running boot step rabbit_node_monitor defined by app rabbit[0m
autopulse-rabbitmq  | 2026-02-19 03:19:54.749186+00:00 [info] <0.510.0> Starting rabbit_node_monitor (in ignore mode)[0m
autopulse-rabbitmq  | 2026-02-19 03:19:54.749283+00:00 [info] <0.230.0> Running boot step delegate_sup defined by app rabbit[0m
autopulse-rabbitmq  | 2026-02-19 03:19:54.749536+00:00 [info] <0.230.0> Running boot step rabbit_memory_monitor defined by app rabbit[0m
autopulse-rabbitmq  | 2026-02-19 03:19:54.749651+00:00 [info] <0.230.0> Running boot step rabbit_fifo_dlx_sup defined by app rabbit[0m
autopulse-rabbitmq  | 2026-02-19 03:19:54.749675+00:00 [info] <0.230.0> Running boot step core_initialized defined by app rabbit[0m
autopulse-rabbitmq  | 2026-02-19 03:19:54.749684+00:00 [info] <0.230.0> Running boot step rabbit_channel_tracking_handler defined by app rabbit[0m
autopulse-rabbitmq  | 2026-02-19 03:19:54.749696+00:00 [info] <0.230.0> Running boot step rabbit_connection_tracking_handler defined by app rabbit[0m
autopulse-rabbitmq  | 2026-02-19 03:19:54.749711+00:00 [info] <0.230.0> Running boot step rabbit_definitions_hashing defined by app rabbit[0m
autopulse-rabbitmq  | 2026-02-19 03:19:54.749731+00:00 [info] <0.230.0> Running boot step rabbit_exchange_parameters defined by app rabbit[0m
autopulse-rabbitmq  | 2026-02-19 03:19:54.749924+00:00 [info] <0.230.0> Running boot step rabbit_mirror_queue_misc defined by app rabbit[0m
autopulse-rabbitmq  | 2026-02-19 03:19:54.750131+00:00 [info] <0.230.0> Running boot step rabbit_policies defined by app rabbit[0m
autopulse-rabbitmq  | 2026-02-19 03:19:54.750288+00:00 [info] <0.230.0> Running boot step rabbit_policy defined by app rabbit[0m
autopulse-rabbitmq  | 2026-02-19 03:19:54.750317+00:00 [info] <0.230.0> Running boot step rabbit_queue_location_validator defined by app rabbit[0m
autopulse-rabbitmq  | 2026-02-19 03:19:54.750344+00:00 [info] <0.230.0> Running boot step rabbit_quorum_memory_manager defined by app rabbit[0m
autopulse-rabbitmq  | 2026-02-19 03:19:54.750358+00:00 [info] <0.230.0> Running boot step rabbit_stream_coordinator defined by app rabbit[0m
autopulse-rabbitmq  | 2026-02-19 03:19:54.750463+00:00 [info] <0.230.0> Running boot step rabbit_vhost_limit defined by app rabbit[0m
autopulse-rabbitmq  | 2026-02-19 03:19:54.750652+00:00 [info] <0.230.0> Running boot step rabbit_mgmt_reset_handler defined by app rabbitmq_management[0m
autopulse-rabbitmq  | 2026-02-19 03:19:54.750717+00:00 [info] <0.230.0> Running boot step rabbit_mgmt_db_handler defined by app rabbitmq_management_agent[0m
autopulse-rabbitmq  | 2026-02-19 03:19:54.750749+00:00 [info] <0.230.0> Management plugin: using rates mode 'basic'[0m
autopulse-rabbitmq  | 2026-02-19 03:19:54.750900+00:00 [info] <0.230.0> Running boot step recovery defined by app rabbit[0m
autopulse-rabbitmq  | 2026-02-19 03:19:54.751350+00:00 [info] <0.230.0> Running boot step empty_db_check defined by app rabbit[0m
autopulse-rabbitmq  | 2026-02-19 03:19:54.751395+00:00 [info] <0.230.0> Will seed default virtual host and user...[0m
autopulse-rabbitmq  | 2026-02-19 03:19:54.751477+00:00 [info] <0.230.0> Adding vhost '/' (description: 'Default virtual host', tags: [])[0m
autopulse-rabbitmq  | 2026-02-19 03:19:54.753910+00:00 [info] <0.230.0> Inserted a virtual host record {vhost,<<"/">>,[],[0m
autopulse-rabbitmq  | 2026-02-19 03:19:54.753910+00:00 [info] <0.230.0>                                       #{description =>[0m
autopulse-rabbitmq  | 2026-02-19 03:19:54.753910+00:00 [info] <0.230.0>                                             <<"Default virtual host">>,[0m
autopulse-rabbitmq  | 2026-02-19 03:19:54.753910+00:00 [info] <0.230.0>                                         tags => []}}[0m
autopulse-rabbitmq  | 2026-02-19 03:19:54.769335+00:00 [info] <0.555.0> Making sure data directory '/var/lib/rabbitmq/mnesia/rabbit@e94d88617851/msg_stores/vhosts/628WB79CIFDYO9LJI6DKMI09L' for vhost '/' exists[0m
autopulse-rabbitmq  | 2026-02-19 03:19:54.770335+00:00 [info] <0.555.0> Setting segment_entry_count for vhost '/' with 0 queues to '2048'[0m
autopulse-rabbitmq  | 2026-02-19 03:19:54.775555+00:00 [info] <0.555.0> Starting message stores for vhost '/'[0m
autopulse-rabbitmq  | 2026-02-19 03:19:54.775693+00:00 [info] <0.565.0> Message store "628WB79CIFDYO9LJI6DKMI09L/msg_store_transient": using rabbit_msg_store_ets_index to provide index[0m
autopulse-rabbitmq  | 2026-02-19 03:19:54.776719+00:00 [info] <0.555.0> Started message store of type transient for vhost '/'[0m
autopulse-rabbitmq  | 2026-02-19 03:19:54.776833+00:00 [info] <0.569.0> Message store "628WB79CIFDYO9LJI6DKMI09L/msg_store_persistent": using rabbit_msg_store_ets_index to provide index[0m
autopulse-rabbitmq  | [38;5;214m2026-02-19 03:19:54.777498+00:00 [warning] <0.569.0> Message store "628WB79CIFDYO9LJI6DKMI09L/msg_store_persistent": rebuilding indices from scratch[0m
autopulse-rabbitmq  | 2026-02-19 03:19:54.778077+00:00 [info] <0.555.0> Started message store of type persistent for vhost '/'[0m
autopulse-rabbitmq  | 2026-02-19 03:19:54.778198+00:00 [info] <0.555.0> Recovering 0 queues of type rabbit_classic_queue took 7ms[0m
autopulse-rabbitmq  | 2026-02-19 03:19:54.778218+00:00 [info] <0.555.0> Recovering 0 queues of type rabbit_quorum_queue took 0ms[0m
autopulse-rabbitmq  | 2026-02-19 03:19:54.778238+00:00 [info] <0.555.0> Recovering 0 queues of type rabbit_stream_queue took 0ms[0m
autopulse-rabbitmq  | 2026-02-19 03:19:54.780272+00:00 [info] <0.230.0> Created user 'guest'[0m
autopulse-rabbitmq  | 2026-02-19 03:19:54.781457+00:00 [info] <0.230.0> Successfully set user tags for user 'guest' to [administrator][0m
autopulse-rabbitmq  | 2026-02-19 03:19:54.782723+00:00 [info] <0.230.0> Successfully set permissions for user 'guest' in virtual host '/' to '.*', '.*', '.*'[0m
autopulse-rabbitmq  | 2026-02-19 03:19:54.782786+00:00 [info] <0.230.0> Running boot step rabbit_observer_cli defined by app rabbit[0m
autopulse-rabbitmq  | 2026-02-19 03:19:54.782816+00:00 [info] <0.230.0> Running boot step rabbit_looking_glass defined by app rabbit[0m
autopulse-rabbitmq  | 2026-02-19 03:19:54.782835+00:00 [info] <0.230.0> Running boot step rabbit_core_metrics_gc defined by app rabbit[0m
autopulse-rabbitmq  | 2026-02-19 03:19:54.783018+00:00 [info] <0.230.0> Running boot step background_gc defined by app rabbit[0m
autopulse-rabbitmq  | 2026-02-19 03:19:54.783142+00:00 [info] <0.230.0> Running boot step routing_ready defined by app rabbit[0m
autopulse-rabbitmq  | 2026-02-19 03:19:54.783157+00:00 [info] <0.230.0> Running boot step pre_flight defined by app rabbit[0m
autopulse-rabbitmq  | 2026-02-19 03:19:54.783182+00:00 [info] <0.230.0> Running boot step notify_cluster defined by app rabbit[0m
autopulse-rabbitmq  | 2026-02-19 03:19:54.783222+00:00 [info] <0.230.0> Running boot step networking defined by app rabbit[0m
autopulse-rabbitmq  | 2026-02-19 03:19:54.783271+00:00 [info] <0.230.0> Running boot step definition_import_worker_pool defined by app rabbit[0m
autopulse-rabbitmq  | 2026-02-19 03:19:54.783307+00:00 [info] <0.282.0> Starting worker pool 'definition_import_pool' with 20 processes in it[0m
autopulse-rabbitmq  | 2026-02-19 03:19:54.783912+00:00 [info] <0.230.0> Running boot step cluster_name defined by app rabbit[0m
autopulse-rabbitmq  | 2026-02-19 03:19:54.783959+00:00 [info] <0.230.0> Initialising internal cluster ID to 'rabbitmq-cluster-id-JrVq0gzwI31h_3N6OSs-GQ'[0m
autopulse-rabbitmq  | 2026-02-19 03:19:54.785389+00:00 [info] <0.230.0> Running boot step direct_client defined by app rabbit[0m
autopulse-rabbitmq  | 2026-02-19 03:19:54.785448+00:00 [info] <0.230.0> Running boot step rabbit_maintenance_mode_state defined by app rabbit[0m
autopulse-rabbitmq  | 2026-02-19 03:19:54.785464+00:00 [info] <0.230.0> Creating table rabbit_node_maintenance_states for maintenance mode status[0m
autopulse-rabbitmq  | 2026-02-19 03:19:54.791877+00:00 [info] <0.230.0> Running boot step rabbit_management_load_definitions defined by app rabbitmq_management[0m
autopulse-rabbitmq  | 2026-02-19 03:19:54.791960+00:00 [info] <0.625.0> Resetting node maintenance status[0m
autopulse-rabbitmq  | 2026-02-19 03:19:54.805352+00:00 [info] <0.684.0> Management plugin: HTTP (non-TLS) listener started on port 15672[0m
autopulse-rabbitmq  | 2026-02-19 03:19:54.805471+00:00 [info] <0.712.0> Statistics database started.[0m
autopulse-rabbitmq  | 2026-02-19 03:19:54.805509+00:00 [info] <0.711.0> Starting worker pool 'management_worker_pool' with 3 processes in it[0m
autopulse-rabbitmq  | 2026-02-19 03:19:54.809681+00:00 [info] <0.726.0> Prometheus metrics: HTTP (non-TLS) listener started on port 15692[0m
autopulse-rabbitmq  | 2026-02-19 03:19:54.809790+00:00 [info] <0.625.0> Ready to start client connection listeners[0m
autopulse-rabbitmq  | 2026-02-19 03:19:54.811210+00:00 [info] <0.770.0> started TCP listener on [::]:5672[0m
autopulse-rabbitmq  |  completed with 4 plugins.
autopulse-rabbitmq  | 2026-02-19 03:19:54.864331+00:00 [info] <0.625.0> Server startup complete; 4 plugins started.[0m
autopulse-rabbitmq  | 2026-02-19 03:19:54.864331+00:00 [info] <0.625.0>  * rabbitmq_prometheus[0m
autopulse-rabbitmq  | 2026-02-19 03:19:54.864331+00:00 [info] <0.625.0>  * rabbitmq_management[0m
autopulse-rabbitmq  | 2026-02-19 03:19:54.864331+00:00 [info] <0.625.0>  * rabbitmq_management_agent[0m
autopulse-rabbitmq  | 2026-02-19 03:19:54.864331+00:00 [info] <0.625.0>  * rabbitmq_web_dispatch[0m
autopulse-rabbitmq  | 2026-02-19 03:19:54.992293+00:00 [info] <0.9.0> Time to start RabbitMQ: 6018778 us[0m
 Container autopulse-redis Healthy 
 Container autopulse-redis Healthy 
 Container autopulse-postgres Healthy 
 Container autopulse-postgres Healthy 
 Container autopulse-rabbitmq Healthy 
 Container autopulse-api Starting 
 Container autopulse-rabbitmq Healthy 
 Container autopulse-worker Starting 
 Container autopulse-worker Started 
 Container autopulse-api Started 
 Container autopulse-frontend Starting 
autopulse-frontend  | /docker-entrypoint.sh: /docker-entrypoint.d/ is not empty, will attempt to perform configuration
autopulse-frontend  | /docker-entrypoint.sh: Looking for shell scripts in /docker-entrypoint.d/
autopulse-frontend  | /docker-entrypoint.sh: Launching /docker-entrypoint.d/10-listen-on-ipv6-by-default.sh
 Container autopulse-frontend Started 
autopulse-frontend  | 10-listen-on-ipv6-by-default.sh: info: Getting the checksum of /etc/nginx/conf.d/default.conf
autopulse-frontend  | 10-listen-on-ipv6-by-default.sh: info: /etc/nginx/conf.d/default.conf differs from the packaged version
autopulse-frontend  | /docker-entrypoint.sh: Sourcing /docker-entrypoint.d/15-local-resolvers.envsh
autopulse-frontend  | /docker-entrypoint.sh: Launching /docker-entrypoint.d/20-envsubst-on-templates.sh
autopulse-frontend  | /docker-entrypoint.sh: Launching /docker-entrypoint.d/30-tune-worker-processes.sh
autopulse-frontend  | /docker-entrypoint.sh: Configuration complete; ready for start up
autopulse-frontend  | 2026/02/19 03:20:19 [notice] 1#1: using the "epoll" event method
autopulse-frontend  | 2026/02/19 03:20:19 [notice] 1#1: nginx/1.29.5
autopulse-frontend  | 2026/02/19 03:20:19 [notice] 1#1: built by gcc 15.2.0 (Alpine 15.2.0) 
autopulse-frontend  | 2026/02/19 03:20:19 [notice] 1#1: OS: Linux 6.6.87.2-microsoft-standard-WSL2
autopulse-frontend  | 2026/02/19 03:20:19 [notice] 1#1: getrlimit(RLIMIT_NOFILE): 1048576:1048576
autopulse-frontend  | 2026/02/19 03:20:19 [notice] 1#1: start worker processes
autopulse-frontend  | 2026/02/19 03:20:19 [notice] 1#1: start worker process 29
autopulse-frontend  | 2026/02/19 03:20:19 [notice] 1#1: start worker process 30
autopulse-frontend  | 2026/02/19 03:20:19 [notice] 1#1: start worker process 31
autopulse-frontend  | 2026/02/19 03:20:19 [notice] 1#1: start worker process 32
autopulse-frontend  | 2026/02/19 03:20:19 [notice] 1#1: start worker process 33
autopulse-frontend  | 2026/02/19 03:20:19 [notice] 1#1: start worker process 34
autopulse-frontend  | 2026/02/19 03:20:19 [notice] 1#1: start worker process 35
autopulse-frontend  | 2026/02/19 03:20:19 [notice] 1#1: start worker process 36
autopulse-frontend  | 2026/02/19 03:20:19 [notice] 1#1: start worker process 37
autopulse-frontend  | 2026/02/19 03:20:19 [notice] 1#1: start worker process 38
autopulse-frontend  | 2026/02/19 03:20:19 [notice] 1#1: start worker process 39
autopulse-frontend  | 2026/02/19 03:20:19 [notice] 1#1: start worker process 40
autopulse-frontend  | 2026/02/19 03:20:19 [notice] 1#1: start worker process 41
autopulse-frontend  | 2026/02/19 03:20:19 [notice] 1#1: start worker process 42
autopulse-frontend  | 2026/02/19 03:20:19 [notice] 1#1: start worker process 43
autopulse-frontend  | 2026/02/19 03:20:19 [notice] 1#1: start worker process 44
autopulse-frontend  | 2026/02/19 03:20:19 [notice] 1#1: start worker process 45
autopulse-frontend  | 2026/02/19 03:20:19 [notice] 1#1: start worker process 46
autopulse-frontend  | 2026/02/19 03:20:19 [notice] 1#1: start worker process 47
autopulse-frontend  | 2026/02/19 03:20:19 [notice] 1#1: start worker process 48
autopulse-worker    | Cannot load library libgssapi_krb5.so.2 
autopulse-worker    | Error: libgssapi_krb5.so.2: cannot open shared object file: No such file or directory
autopulse-postgres  | 2026-02-19 03:20:19.802 UTC [56] ERROR:  relation "__EFMigrationsHistory" does not exist at character 45
autopulse-postgres  | 2026-02-19 03:20:19.802 UTC [56] STATEMENT:  SELECT "MigrationId", "ProductVersion"
autopulse-postgres  | 	FROM "__EFMigrationsHistory"
autopulse-postgres  | 	ORDER BY "MigrationId"
autopulse-worker    | [03:20:19 ERR] Failed executing DbCommand (10ms) [Parameters=[], CommandType='Text', CommandTimeout='30']
autopulse-worker    | SELECT "MigrationId", "ProductVersion"
autopulse-worker    | FROM "__EFMigrationsHistory"
autopulse-worker    | ORDER BY "MigrationId";
autopulse-worker    | [03:20:19 ERR] Failed executing DbCommand (10ms) [Parameters=[], CommandType='Text', CommandTimeout='30']
autopulse-worker    | SELECT "MigrationId", "ProductVersion"
autopulse-worker    | FROM "__EFMigrationsHistory"
autopulse-worker    | ORDER BY "MigrationId";
autopulse-worker    | [03:20:20 INF] ÐœÐ¸Ð³Ñ€Ð°Ñ†Ð¸Ñ Ð‘Ð” Ð²Ñ‹Ð¿Ð¾Ð»Ð½ÐµÐ½Ð° ÑƒÑÐ¿ÐµÑˆÐ½Ð¾ (Worker)
autopulse-worker    | [03:20:20 INF] Ð—Ð°Ð¿ÑƒÑÐº AutoPulse Worker
autopulse-worker    | [03:20:20 INF] Configured endpoint parse-cars-queue, Consumer: AutoPulse.Infrastructure.Messaging.ParseCarsCommandConsumer
autopulse-worker    | [03:20:20 INF] Configured endpoint parse-cars-queue, Consumer: AutoPulse.Infrastructure.Messaging.ParseCarsCommandConsumer
autopulse-api       | [03:20:20 INF] ÐœÐ¸Ð³Ñ€Ð°Ñ†Ð¸Ñ Ð‘Ð” Ð²Ñ‹Ð¿Ð¾Ð»Ð½ÐµÐ½Ð° ÑƒÑÐ¿ÐµÑˆÐ½Ð¾
autopulse-api       | [03:20:20 INF] Ð—Ð°Ð¿ÑƒÑÐº AutoPulse API
autopulse-api       | [03:20:20 WRN] Storing keys in a directory '/home/appuser/.aspnet/DataProtection-Keys' that may not be persisted outside of the container. Protected data will be unavailable when container is destroyed. For more information go to https://aka.ms/aspnet/dataprotectionwarning
autopulse-api       | [03:20:20 WRN] No XML encryptor configured. Key {04164fa9-792f-40c7-b24a-3b1bc0aea31d} may be persisted to storage in unencrypted form.
autopulse-api       | [03:20:20 WRN] Overriding HTTP_PORTS '8080' and HTTPS_PORTS ''. Binding to values defined by URLS instead 'http://+:8080;http://+:8081'.
autopulse-rabbitmq  | 2026-02-19 03:20:20.292533+00:00 [info] <0.776.0> accepting AMQP connection <0.776.0> (172.18.0.6:56428 -> 172.18.0.4:5672)[0m
autopulse-rabbitmq  | 2026-02-19 03:20:20.302357+00:00 [info] <0.776.0> connection <0.776.0> (172.18.0.6:56428 -> 172.18.0.4:5672) has a client-provided name: AutoPulse.Api[0m
autopulse-rabbitmq  | 2026-02-19 03:20:20.304855+00:00 [info] <0.776.0> connection <0.776.0> (172.18.0.6:56428 -> 172.18.0.4:5672 - AutoPulse.Api): user 'guest' authenticated and granted access to vhost '/'[0m
autopulse-api       | [03:20:20 INF] Bus started: rabbitmq://rabbitmq/
autopulse-worker    | [03:20:20 ERR] Hosting failed to start
autopulse-worker    | Microsoft.Playwright.PlaywrightException: Executable doesn't exist at /home/appuser/.cache/ms-playwright/chromium-1155/chrome-linux/chrome
autopulse-worker    | â•”â•â•â•â•â•â•â•â•â•â•â•â•â•â•â•â•â•â•â•â•â•â•â•â•â•â•â•â•â•â•â•â•â•â•â•â•â•â•â•â•â•â•â•â•â•â•â•â•â•â•â•â•â•â•â•â•â•â•â•â•â•—
autopulse-worker    | â•‘ Looks like Playwright was just installed or updated.       â•‘
autopulse-worker    | â•‘ Please run the following command to download new browsers: â•‘
autopulse-worker    | â•‘                                                            â•‘
autopulse-worker    | â•‘     pwsh bin/Debug/netX/playwright.ps1 install             â•‘
autopulse-worker    | â•‘                                                            â•‘
autopulse-worker    | â•‘ <3 Playwright Team                                         â•‘
autopulse-worker    | â•šâ•â•â•â•â•â•â•â•â•â•â•â•â•â•â•â•â•â•â•â•â•â•â•â•â•â•â•â•â•â•â•â•â•â•â•â•â•â•â•â•â•â•â•â•â•â•â•â•â•â•â•â•â•â•â•â•â•â•â•â•â•
autopulse-worker    |    at Microsoft.Playwright.Transport.Connection.InnerSendMessageToServerAsync[T](ChannelOwner object, String method, Dictionary`2 dictionary, Boolean keepNulls) in /_/src/Playwright/Transport/Connection.cs:line 206
autopulse-worker    |    at Microsoft.Playwright.Transport.Connection.WrapApiCallAsync[T](Func`1 action, Boolean isInternal) in /_/src/Playwright/Transport/Connection.cs:line 535
autopulse-worker    |    at Microsoft.Playwright.Core.BrowserType.LaunchAsync(BrowserTypeLaunchOptions options) in /_/src/Playwright/Core/BrowserType.cs:line 56
autopulse-worker    |    at AutoPulse.Parsing.ParsingServiceCollectionExtensions.<>c.<AddChe168Parser>b__0_3(IServiceProvider sp) in /src/src/AutoPulse.Parsing/DependencyInjection.cs:line 37
autopulse-worker    |    at Microsoft.Extensions.DependencyInjection.ServiceLookup.CallSiteRuntimeResolver.VisitFactory(FactoryCallSite factoryCallSite, RuntimeResolverContext context)
autopulse-worker    |    at Microsoft.Extensions.DependencyInjection.ServiceLookup.CallSiteVisitor`2.VisitCallSiteMain(ServiceCallSite callSite, TArgument argument)
autopulse-worker    |    at Microsoft.Extensions.DependencyInjection.ServiceLookup.CallSiteRuntimeResolver.VisitRootCache(ServiceCallSite callSite, RuntimeResolverContext context)
autopulse-worker    |    at Microsoft.Extensions.DependencyInjection.ServiceLookup.CallSiteVisitor`2.VisitCallSite(ServiceCallSite callSite, TArgument argument)
autopulse-worker    |    at Microsoft.Extensions.DependencyInjection.ServiceLookup.CallSiteRuntimeResolver.Resolve(ServiceCallSite callSite, ServiceProviderEngineScope scope)
autopulse-worker    |    at Microsoft.Extensions.DependencyInjection.ServiceProvider.CreateServiceAccessor(ServiceIdentifier serviceIdentifier)
autopulse-worker    |    at System.Collections.Concurrent.ConcurrentDictionary`2.GetOrAdd(TKey key, Func`2 valueFactory)
autopulse-worker    |    at Microsoft.Extensions.DependencyInjection.ServiceProvider.GetService(ServiceIdentifier serviceIdentifier, ServiceProviderEngineScope serviceProviderEngineScope)
autopulse-worker    |    at Microsoft.Extensions.DependencyInjection.ServiceLookup.ServiceProviderEngineScope.GetService(Type serviceType)
autopulse-worker    |    at Microsoft.Extensions.DependencyInjection.ServiceProviderServiceExtensions.GetRequiredService(IServiceProvider provider, Type serviceType)
autopulse-worker    |    at Microsoft.Extensions.DependencyInjection.ServiceProviderServiceExtensions.GetRequiredService[T](IServiceProvider provider)
autopulse-worker    |    at AutoPulse.Parsing.ParsingServiceCollectionExtensions.<>c.<AddChe168Parser>b__0_4(IServiceProvider sp) in /src/src/AutoPulse.Parsing/DependencyInjection.cs:line 45
autopulse-worker    |    at Microsoft.Extensions.DependencyInjection.ServiceLookup.CallSiteRuntimeResolver.VisitFactory(FactoryCallSite factoryCallSite, RuntimeResolverContext context)
autopulse-worker    |    at Microsoft.Extensions.DependencyInjection.ServiceLookup.CallSiteVisitor`2.VisitCallSiteMain(ServiceCallSite callSite, TArgument argument)
autopulse-worker    |    at Microsoft.Extensions.DependencyInjection.ServiceLookup.CallSiteRuntimeResolver.VisitRootCache(ServiceCallSite callSite, RuntimeResolverContext context)
autopulse-worker    |    at Microsoft.Extensions.DependencyInjection.ServiceLookup.CallSiteVisitor`2.VisitCallSite(ServiceCallSite callSite, TArgument argument)
autopulse-worker    |    at Microsoft.Extensions.DependencyInjection.ServiceLookup.CallSiteRuntimeResolver.VisitConstructor(ConstructorCallSite constructorCallSite, RuntimeResolverContext context)
autopulse-worker    |    at Microsoft.Extensions.DependencyInjection.ServiceLookup.CallSiteVisitor`2.VisitCallSiteMain(ServiceCallSite callSite, TArgument argument)
autopulse-worker    |    at Microsoft.Extensions.DependencyInjection.ServiceLookup.CallSiteRuntimeResolver.VisitRootCache(ServiceCallSite callSite, RuntimeResolverContext context)
autopulse-worker    |    at Microsoft.Extensions.DependencyInjection.ServiceLookup.CallSiteVisitor`2.VisitCallSite(ServiceCallSite callSite, TArgument argument)
autopulse-worker    |    at Microsoft.Extensions.DependencyInjection.ServiceLookup.CallSiteRuntimeResolver.VisitIEnumerable(IEnumerableCallSite enumerableCallSite, RuntimeResolverContext context)
autopulse-worker    |    at Microsoft.Extensions.DependencyInjection.ServiceLookup.CallSiteVisitor`2.VisitCallSiteMain(ServiceCallSite callSite, TArgument argument)
autopulse-worker    |    at Microsoft.Extensions.DependencyInjection.ServiceLookup.CallSiteRuntimeResolver.VisitRootCache(ServiceCallSite callSite, RuntimeResolverContext context)
autopulse-worker    |    at Microsoft.Extensions.DependencyInjection.ServiceLookup.CallSiteVisitor`2.VisitCallSite(ServiceCallSite callSite, TArgument argument)
autopulse-worker    |    at Microsoft.Extensions.DependencyInjection.ServiceLookup.CallSiteRuntimeResolver.Resolve(ServiceCallSite callSite, ServiceProviderEngineScope scope)
autopulse-worker    |    at Microsoft.Extensions.DependencyInjection.ServiceProvider.CreateServiceAccessor(ServiceIdentifier serviceIdentifier)
autopulse-worker    |    at System.Collections.Concurrent.ConcurrentDictionary`2.GetOrAdd(TKey key, Func`2 valueFactory)
autopulse-worker    |    at Microsoft.Extensions.DependencyInjection.ServiceProvider.GetService(ServiceIdentifier serviceIdentifier, ServiceProviderEngineScope serviceProviderEngineScope)
autopulse-worker    |    at Microsoft.Extensions.DependencyInjection.ServiceProvider.GetService(Type serviceType)
autopulse-worker    |    at Microsoft.Extensions.DependencyInjection.ServiceProviderServiceExtensions.GetRequiredService(IServiceProvider provider, Type serviceType)
autopulse-worker    |    at Microsoft.Extensions.DependencyInjection.ServiceProviderServiceExtensions.GetRequiredService[T](IServiceProvider provider)
autopulse-worker    |    at Microsoft.Extensions.Hosting.Internal.Host.StartAsync(CancellationToken cancellationToken)
autopulse-worker    | [03:20:20 ERR] Hosting failed to start
autopulse-worker    | Microsoft.Playwright.PlaywrightException: Executable doesn't exist at /home/appuser/.cache/ms-playwright/chromium-1155/chrome-linux/chrome
autopulse-worker    | â•”â•â•â•â•â•â•â•â•â•â•â•â•â•â•â•â•â•â•â•â•â•â•â•â•â•â•â•â•â•â•â•â•â•â•â•â•â•â•â•â•â•â•â•â•â•â•â•â•â•â•â•â•â•â•â•â•â•â•â•â•â•—
autopulse-worker    | â•‘ Looks like Playwright was just installed or updated.       â•‘
autopulse-worker    | â•‘ Please run the following command to download new browsers: â•‘
autopulse-worker    | â•‘                                                            â•‘
autopulse-worker    | â•‘     pwsh bin/Debug/netX/playwright.ps1 install             â•‘
autopulse-worker    | â•‘                                                            â•‘
autopulse-worker    | â•‘ <3 Playwright Team                                         â•‘
autopulse-worker    | â•šâ•â•â•â•â•â•â•â•â•â•â•â•â•â•â•â•â•â•â•â•â•â•â•â•â•â•â•â•â•â•â•â•â•â•â•â•â•â•â•â•â•â•â•â•â•â•â•â•â•â•â•â•â•â•â•â•â•â•â•â•â•
autopulse-worker    |    at Microsoft.Playwright.Transport.Connection.InnerSendMessageToServerAsync[T](ChannelOwner object, String method, Dictionary`2 dictionary, Boolean keepNulls) in /_/src/Playwright/Transport/Connection.cs:line 206
autopulse-worker    |    at Microsoft.Playwright.Transport.Connection.WrapApiCallAsync[T](Func`1 action, Boolean isInternal) in /_/src/Playwright/Transport/Connection.cs:line 535
autopulse-worker    |    at Microsoft.Playwright.Core.BrowserType.LaunchAsync(BrowserTypeLaunchOptions options) in /_/src/Playwright/Core/BrowserType.cs:line 56
autopulse-worker    |    at AutoPulse.Parsing.ParsingServiceCollectionExtensions.<>c.<AddChe168Parser>b__0_3(IServiceProvider sp) in /src/src/AutoPulse.Parsing/DependencyInjection.cs:line 37
autopulse-worker    |    at Microsoft.Extensions.DependencyInjection.ServiceLookup.CallSiteRuntimeResolver.VisitFactory(FactoryCallSite factoryCallSite, RuntimeResolverContext context)
autopulse-worker    |    at Microsoft.Extensions.DependencyInjection.ServiceLookup.CallSiteVisitor`2.VisitCallSiteMain(ServiceCallSite callSite, TArgument argument)
autopulse-worker    |    at Microsoft.Extensions.DependencyInjection.ServiceLookup.CallSiteRuntimeResolver.VisitRootCache(ServiceCallSite callSite, RuntimeResolverContext context)
autopulse-worker    |    at Microsoft.Extensions.DependencyInjection.ServiceLookup.CallSiteVisitor`2.VisitCallSite(ServiceCallSite callSite, TArgument argument)
autopulse-worker    |    at Microsoft.Extensions.DependencyInjection.ServiceLookup.CallSiteRuntimeResolver.Resolve(ServiceCallSite callSite, ServiceProviderEngineScope scope)
autopulse-worker    |    at Microsoft.Extensions.DependencyInjection.ServiceProvider.CreateServiceAccessor(ServiceIdentifier serviceIdentifier)
autopulse-worker    |    at System.Collections.Concurrent.ConcurrentDictionary`2.GetOrAdd(TKey key, Func`2 valueFactory)
autopulse-worker    |    at Microsoft.Extensions.DependencyInjection.ServiceProvider.GetService(ServiceIdentifier serviceIdentifier, ServiceProviderEngineScope serviceProviderEngineScope)
autopulse-worker    |    at Microsoft.Extensions.DependencyInjection.ServiceLookup.ServiceProviderEngineScope.GetService(Type serviceType)
autopulse-worker    |    at Microsoft.Extensions.DependencyInjection.ServiceProviderServiceExtensions.GetRequiredService(IServiceProvider provider, Type serviceType)
autopulse-worker    |    at Microsoft.Extensions.DependencyInjection.ServiceProviderServiceExtensions.GetRequiredService[T](IServiceProvider provider)
autopulse-worker    |    at AutoPulse.Parsing.ParsingServiceCollectionExtensions.<>c.<AddChe168Parser>b__0_4(IServiceProvider sp) in /src/src/AutoPulse.Parsing/DependencyInjection.cs:line 45
autopulse-worker    |    at Microsoft.Extensions.DependencyInjection.ServiceLookup.CallSiteRuntimeResolver.VisitFactory(FactoryCallSite factoryCallSite, RuntimeResolverContext context)
autopulse-worker    |    at Microsoft.Extensions.DependencyInjection.ServiceLookup.CallSiteVisitor`2.VisitCallSiteMain(ServiceCallSite callSite, TArgument argument)
autopulse-worker    |    at Microsoft.Extensions.DependencyInjection.ServiceLookup.CallSiteRuntimeResolver.VisitRootCache(ServiceCallSite callSite, RuntimeResolverContext context)
autopulse-worker    |    at Microsoft.Extensions.DependencyInjection.ServiceLookup.CallSiteVisitor`2.VisitCallSite(ServiceCallSite callSite, TArgument argument)
autopulse-worker    |    at Microsoft.Extensions.DependencyInjection.ServiceLookup.CallSiteRuntimeResolver.VisitConstructor(ConstructorCallSite constructorCallSite, RuntimeResolverContext context)
autopulse-worker    |    at Microsoft.Extensions.DependencyInjection.ServiceLookup.CallSiteVisitor`2.VisitCallSiteMain(ServiceCallSite callSite, TArgument argument)
autopulse-worker    |    at Microsoft.Extensions.DependencyInjection.ServiceLookup.CallSiteRuntimeResolver.VisitRootCache(ServiceCallSite callSite, RuntimeResolverContext context)
autopulse-worker    |    at Microsoft.Extensions.DependencyInjection.ServiceLookup.CallSiteVisitor`2.VisitCallSite(ServiceCallSite callSite, TArgument argument)
autopulse-worker    |    at Microsoft.Extensions.DependencyInjection.ServiceLookup.CallSiteRuntimeResolver.VisitIEnumerable(IEnumerableCallSite enumerableCallSite, RuntimeResolverContext context)
autopulse-worker    |    at Microsoft.Extensions.DependencyInjection.ServiceLookup.CallSiteVisitor`2.VisitCallSiteMain(ServiceCallSite callSite, TArgument argument)
autopulse-worker    |    at Microsoft.Extensions.DependencyInjection.ServiceLookup.CallSiteRuntimeResolver.VisitRootCache(ServiceCallSite callSite, RuntimeResolverContext context)
autopulse-worker    |    at Microsoft.Extensions.DependencyInjection.ServiceLookup.CallSiteVisitor`2.VisitCallSite(ServiceCallSite callSite, TArgument argument)
autopulse-worker    |    at Microsoft.Extensions.DependencyInjection.ServiceLookup.CallSiteRuntimeResolver.Resolve(ServiceCallSite callSite, ServiceProviderEngineScope scope)
autopulse-worker    |    at Microsoft.Extensions.DependencyInjection.ServiceProvider.CreateServiceAccessor(ServiceIdentifier serviceIdentifier)
autopulse-worker    |    at System.Collections.Concurrent.ConcurrentDictionary`2.GetOrAdd(TKey key, Func`2 valueFactory)
autopulse-worker    |    at Microsoft.Extensions.DependencyInjection.ServiceProvider.GetService(ServiceIdentifier serviceIdentifier, ServiceProviderEngineScope serviceProviderEngineScope)
autopulse-worker    |    at Microsoft.Extensions.DependencyInjection.ServiceProvider.GetService(Type serviceType)
autopulse-worker    |    at Microsoft.Extensions.DependencyInjection.ServiceProviderServiceExtensions.GetRequiredService(IServiceProvider provider, Type serviceType)
autopulse-worker    |    at Microsoft.Extensions.DependencyInjection.ServiceProviderServiceExtensions.GetRequiredService[T](IServiceProvider provider)
autopulse-worker    |    at Microsoft.Extensions.Hosting.Internal.Host.StartAsync(CancellationToken cancellationToken)
autopulse-worker    | [03:20:20 WRN] Failed to stop bus: rabbitmq://rabbitmq/4f1f6f59b9bd_AutoPulseWorker_bus_yryyyybtz5jp6popbdxg63qxgy?temporary=true (Not Started)
autopulse-worker    | [03:20:20 WRN] Failed to stop bus: rabbitmq://rabbitmq/4f1f6f59b9bd_AutoPulseWorker_bus_yryyyybtz5jp6popbdxg63qxgy?temporary=true (Not Started)
autopulse-worker    | [03:20:20 FTL] Worker Ð·Ð°Ð²ÐµÑ€ÑˆÐ¸Ð»ÑÑ Ð°Ð²Ð°Ñ€Ð¸Ð¹Ð½Ð¾
autopulse-worker    | Microsoft.Playwright.PlaywrightException: Executable doesn't exist at /home/appuser/.cache/ms-playwright/chromium-1155/chrome-linux/chrome
autopulse-worker    | â•”â•â•â•â•â•â•â•â•â•â•â•â•â•â•â•â•â•â•â•â•â•â•â•â•â•â•â•â•â•â•â•â•â•â•â•â•â•â•â•â•â•â•â•â•â•â•â•â•â•â•â•â•â•â•â•â•â•â•â•â•â•—
autopulse-worker    | â•‘ Looks like Playwright was just installed or updated.       â•‘
autopulse-worker    | â•‘ Please run the following command to download new browsers: â•‘
autopulse-worker    | â•‘                                                            â•‘
autopulse-worker    | â•‘     pwsh bin/Debug/netX/playwright.ps1 install             â•‘
autopulse-worker    | â•‘                                                            â•‘
autopulse-worker    | â•‘ <3 Playwright Team                                         â•‘
autopulse-worker    | â•šâ•â•â•â•â•â•â•â•â•â•â•â•â•â•â•â•â•â•â•â•â•â•â•â•â•â•â•â•â•â•â•â•â•â•â•â•â•â•â•â•â•â•â•â•â•â•â•â•â•â•â•â•â•â•â•â•â•â•â•â•â•
autopulse-worker    |    at Microsoft.Playwright.Transport.Connection.InnerSendMessageToServerAsync[T](ChannelOwner object, String method, Dictionary`2 dictionary, Boolean keepNulls) in /_/src/Playwright/Transport/Connection.cs:line 206
autopulse-worker    |    at Microsoft.Playwright.Transport.Connection.WrapApiCallAsync[T](Func`1 action, Boolean isInternal) in /_/src/Playwright/Transport/Connection.cs:line 535
autopulse-worker    |    at Microsoft.Playwright.Core.BrowserType.LaunchAsync(BrowserTypeLaunchOptions options) in /_/src/Playwright/Core/BrowserType.cs:line 56
autopulse-worker    |    at AutoPulse.Parsing.ParsingServiceCollectionExtensions.<>c.<AddChe168Parser>b__0_3(IServiceProvider sp) in /src/src/AutoPulse.Parsing/DependencyInjection.cs:line 37
autopulse-worker    |    at Microsoft.Extensions.DependencyInjection.ServiceLookup.CallSiteRuntimeResolver.VisitFactory(FactoryCallSite factoryCallSite, RuntimeResolverContext context)
autopulse-worker    |    at Microsoft.Extensions.DependencyInjection.ServiceLookup.CallSiteVisitor`2.VisitCallSiteMain(ServiceCallSite callSite, TArgument argument)
autopulse-worker    |    at Microsoft.Extensions.DependencyInjection.ServiceLookup.CallSiteRuntimeResolver.VisitRootCache(ServiceCallSite callSite, RuntimeResolverContext context)
autopulse-worker    |    at Microsoft.Extensions.DependencyInjection.ServiceLookup.CallSiteVisitor`2.VisitCallSite(ServiceCallSite callSite, TArgument argument)
autopulse-worker    |    at Microsoft.Extensions.DependencyInjection.ServiceLookup.CallSiteRuntimeResolver.Resolve(ServiceCallSite callSite, ServiceProviderEngineScope scope)
autopulse-worker    |    at Microsoft.Extensions.DependencyInjection.ServiceProvider.CreateServiceAccessor(ServiceIdentifier serviceIdentifier)
autopulse-worker    |    at System.Collections.Concurrent.ConcurrentDictionary`2.GetOrAdd(TKey key, Func`2 valueFactory)
autopulse-worker    |    at Microsoft.Extensions.DependencyInjection.ServiceProvider.GetService(ServiceIdentifier serviceIdentifier, ServiceProviderEngineScope serviceProviderEngineScope)
autopulse-worker    |    at Microsoft.Extensions.DependencyInjection.ServiceLookup.ServiceProviderEngineScope.GetService(Type serviceType)
autopulse-worker    |    at Microsoft.Extensions.DependencyInjection.ServiceProviderServiceExtensions.GetRequiredService(IServiceProvider provider, Type serviceType)
autopulse-worker    |    at Microsoft.Extensions.DependencyInjection.ServiceProviderServiceExtensions.GetRequiredService[T](IServiceProvider provider)
autopulse-worker    |    at AutoPulse.Parsing.ParsingServiceCollectionExtensions.<>c.<AddChe168Parser>b__0_4(IServiceProvider sp) in /src/src/AutoPulse.Parsing/DependencyInjection.cs:line 45
autopulse-worker    |    at Microsoft.Extensions.DependencyInjection.ServiceLookup.CallSiteRuntimeResolver.VisitFactory(FactoryCallSite factoryCallSite, RuntimeResolverContext context)
autopulse-worker    |    at Microsoft.Extensions.DependencyInjection.ServiceLookup.CallSiteVisitor`2.VisitCallSiteMain(ServiceCallSite callSite, TArgument argument)
autopulse-worker    |    at Microsoft.Extensions.DependencyInjection.ServiceLookup.CallSiteRuntimeResolver.VisitRootCache(ServiceCallSite callSite, RuntimeResolverContext context)
autopulse-worker    |    at Microsoft.Extensions.DependencyInjection.ServiceLookup.CallSiteVisitor`2.VisitCallSite(ServiceCallSite callSite, TArgument argument)
autopulse-worker    |    at Microsoft.Extensions.DependencyInjection.ServiceLookup.CallSiteRuntimeResolver.VisitConstructor(ConstructorCallSite constructorCallSite, RuntimeResolverContext context)
autopulse-worker    |    at Microsoft.Extensions.DependencyInjection.ServiceLookup.CallSiteVisitor`2.VisitCallSiteMain(ServiceCallSite callSite, TArgument argument)
autopulse-worker    |    at Microsoft.Extensions.DependencyInjection.ServiceLookup.CallSiteRuntimeResolver.VisitRootCache(ServiceCallSite callSite, RuntimeResolverContext context)
autopulse-worker    |    at Microsoft.Extensions.DependencyInjection.ServiceLookup.CallSiteVisitor`2.VisitCallSite(ServiceCallSite callSite, TArgument argument)
autopulse-worker    |    at Microsoft.Extensions.DependencyInjection.ServiceLookup.CallSiteRuntimeResolver.VisitIEnumerable(IEnumerableCallSite enumerableCallSite, RuntimeResolverContext context)
autopulse-worker    |    at Microsoft.Extensions.DependencyInjection.ServiceLookup.CallSiteVisitor`2.VisitCallSiteMain(ServiceCallSite callSite, TArgument argument)
autopulse-worker    |    at Microsoft.Extensions.DependencyInjection.ServiceLookup.CallSiteRuntimeResolver.VisitRootCache(ServiceCallSite callSite, RuntimeResolverContext context)
autopulse-worker    |    at Microsoft.Extensions.DependencyInjection.ServiceLookup.CallSiteVisitor`2.VisitCallSite(ServiceCallSite callSite, TArgument argument)
autopulse-worker    |    at Microsoft.Extensions.DependencyInjection.ServiceLookup.CallSiteRuntimeResolver.Resolve(ServiceCallSite callSite, ServiceProviderEngineScope scope)
autopulse-worker    |    at Microsoft.Extensions.DependencyInjection.ServiceProvider.CreateServiceAccessor(ServiceIdentifier serviceIdentifier)
autopulse-worker    |    at System.Collections.Concurrent.ConcurrentDictionary`2.GetOrAdd(TKey key, Func`2 valueFactory)
autopulse-worker    |    at Microsoft.Extensions.DependencyInjection.ServiceProvider.GetService(ServiceIdentifier serviceIdentifier, ServiceProviderEngineScope serviceProviderEngineScope)
autopulse-worker    |    at Microsoft.Extensions.DependencyInjection.ServiceProvider.GetService(Type serviceType)
autopulse-worker    |    at Microsoft.Extensions.DependencyInjection.ServiceProviderServiceExtensions.GetRequiredService(IServiceProvider provider, Type serviceType)
autopulse-worker    |    at Microsoft.Extensions.DependencyInjection.ServiceProviderServiceExtensions.GetRequiredService[T](IServiceProvider provider)
autopulse-worker    |    at Microsoft.Extensions.Hosting.Internal.Host.StartAsync(CancellationToken cancellationToken)
autopulse-worker    |    at Microsoft.Extensions.Hosting.Internal.Host.<StartAsync>g__LogAndRethrow|14_3(<>c__DisplayClass14_0&)
autopulse-worker    |    at Microsoft.Extensions.Hosting.Internal.Host.StartAsync(CancellationToken cancellationToken)
autopulse-worker    |    at Microsoft.Extensions.Hosting.HostingAbstractionsHostExtensions.RunAsync(IHost host, CancellationToken token)
autopulse-worker    |    at Microsoft.Extensions.Hosting.HostingAbstractionsHostExtensions.RunAsync(IHost host, CancellationToken token)
autopulse-worker    |    at Microsoft.Extensions.Hosting.HostingAbstractionsHostExtensions.Run(IHost host)
autopulse-worker    |    at Program.<Main>$(String[] args) in /src/src/AutoPulse.Worker/Program.cs:line 111
[Kautopulse-worker exited with code 0
autopulse-api       | [03:20:49 WRN] Failed to determine the https port for redirect.
autopulse-api       | [03:20:49 INF] HTTP GET /health responded 200 in 22.5957 ms
autopulse-api       | [03:21:19 INF] HTTP GET /health responded 200 in 1.4971 ms
autopulse-api       | [03:21:49 INF] HTTP GET /health responded 200 in 2.3339 ms
autopulse-api       | [03:22:19 INF] HTTP GET /health responded 200 in 0.3656 ms
autopulse-frontend  | 172.18.0.1 - - [19/Feb/2026:03:22:28 +0000] "GET /cars HTTP/1.1" 200 2204 "-" "Mozilla/5.0 (Windows NT 10.0; Win64; x64) AppleWebKit/537.36 (KHTML, like Gecko) Chrome/144.0.0.0 Safari/537.36" "-"
autopulse-frontend  | 172.18.0.1 - - [19/Feb/2026:03:22:28 +0000] "GET /chunk-BUURG2YR.js HTTP/1.1" 200 536 "http://localhost:4200/cars" "Mozilla/5.0 (Windows NT 10.0; Win64; x64) AppleWebKit/537.36 (KHTML, like Gecko) Chrome/144.0.0.0 Safari/537.36" "-"
autopulse-frontend  | 172.18.0.1 - - [19/Feb/2026:03:22:28 +0000] "GET /chunk-J7YDXPA5.js HTTP/1.1" 200 101826 "http://localhost:4200/cars" "Mozilla/5.0 (Windows NT 10.0; Win64; x64) AppleWebKit/537.36 (KHTML, like Gecko) Chrome/144.0.0.0 Safari/537.36" "-"
autopulse-frontend  | 172.18.0.1 - - [19/Feb/2026:03:22:28 +0000] "GET /main-UVXTUNJ3.js HTTP/1.1" 200 1474 "http://localhost:4200/cars" "Mozilla/5.0 (Windows NT 10.0; Win64; x64) AppleWebKit/537.36 (KHTML, like Gecko) Chrome/144.0.0.0 Safari/537.36" "-"
autopulse-frontend  | 172.18.0.1 - - [19/Feb/2026:03:22:28 +0000] "GET /chunk-P5S54VEH.js HTTP/1.1" 200 4328 "http://localhost:4200/main-UVXTUNJ3.js" "Mozilla/5.0 (Windows NT 10.0; Win64; x64) AppleWebKit/537.36 (KHTML, like Gecko) Chrome/144.0.0.0 Safari/537.36" "-"
autopulse-frontend  | 172.18.0.1 - - [19/Feb/2026:03:22:28 +0000] "GET /chunk-SY4HGHIF.js HTTP/1.1" 200 586 "http://localhost:4200/chunk-P5S54VEH.js" "Mozilla/5.0 (Windows NT 10.0; Win64; x64) AppleWebKit/537.36 (KHTML, like Gecko) Chrome/144.0.0.0 Safari/537.36" "-"
autopulse-frontend  | 172.18.0.1 - - [19/Feb/2026:03:22:28 +0000] "GET /chunk-CQHPVJL4.js HTTP/1.1" 200 1424 "http://localhost:4200/chunk-P5S54VEH.js" "Mozilla/5.0 (Windows NT 10.0; Win64; x64) AppleWebKit/537.36 (KHTML, like Gecko) Chrome/144.0.0.0 Safari/537.36" "-"
autopulse-frontend  | 172.18.0.1 - - [19/Feb/2026:03:22:28 +0000] "GET /chunk-KJEP7Q4H.js HTTP/1.1" 200 10856 "http://localhost:4200/chunk-P5S54VEH.js" "Mozilla/5.0 (Windows NT 10.0; Win64; x64) AppleWebKit/537.36 (KHTML, like Gecko) Chrome/144.0.0.0 Safari/537.36" "-"
autopulse-api       | [03:22:35 INF] HTTP POST /auth/login responded 404 in 0.7202 ms
autopulse-frontend  | 172.18.0.1 - - [19/Feb/2026:03:22:35 +0000] "POST /api/auth/login HTTP/1.1" 404 0 "http://localhost:4200/login?returnUrl=%2Fmarkets" "Mozilla/5.0 (Windows NT 10.0; Win64; x64) AppleWebKit/537.36 (KHTML, like Gecko) Chrome/144.0.0.0 Safari/537.36" "-"
autopulse-api       | [03:22:43 INF] HTTP GET /health responded 200 in 0.3146 ms
autopulse-api       | [03:22:49 INF] HTTP GET /health responded 200 in 0.2320 ms
autopulse-frontend  | 172.18.0.1 - - [19/Feb/2026:03:23:00 +0000] "GET / HTTP/1.1" 200 2204 "http://localhost:4200/login?returnUrl=%2Fdashboard" "Mozilla/5.0 (Windows NT 10.0; Win64; x64) AppleWebKit/537.36 (KHTML, like Gecko) Chrome/144.0.0.0 Safari/537.36" "-"
autopulse-frontend  | 172.18.0.1 - - [19/Feb/2026:03:23:02 +0000] "GET /chunk-CJEUNVNL.js HTTP/1.1" 200 5077 "http://localhost:4200/main-UVXTUNJ3.js" "Mozilla/5.0 (Windows NT 10.0; Win64; x64) AppleWebKit/537.36 (KHTML, like Gecko) Chrome/144.0.0.0 Safari/537.36" "-"
autopulse-api       | [03:23:15 INF] HTTP POST /auth/register responded 404 in 0.4939 ms
autopulse-frontend  | 172.18.0.1 - - [19/Feb/2026:03:23:15 +0000] "POST /api/auth/register HTTP/1.1" 404 0 "http://localhost:4200/register" "Mozilla/5.0 (Windows NT 10.0; Win64; x64) AppleWebKit/537.36 (KHTML, like Gecko) Chrome/144.0.0.0 Safari/537.36" "-"
autopulse-api       | [03:23:19 INF] HTTP GET /health responded 200 in 0.2472 ms
autopulse-api       | [03:23:49 INF] HTTP GET /health responded 200 in 0.2680 ms
autopulse-frontend  | 172.18.0.1 - - [19/Feb/2026:03:23:51 +0000] "GET / HTTP/1.1" 200 5597 "-" "Mozilla/5.0 (Windows NT; Windows NT 10.0; ru-RU) WindowsPowerShell/5.1.19041.6456" "-"
autopulse-api       | [03:24:17 INF] HTTP GET /api/brands responded 200 in 127.1354 ms
autopulse-api       | [03:24:19 INF] HTTP GET /health responded 200 in 0.3606 ms
autopulse-api       | [03:24:49 INF] HTTP GET /health responded 200 in 0.2363 ms
autopulse-api       | [03:25:19 INF] HTTP GET /health responded 200 in 0.2713 ms
autopulse-api       | [03:25:49 INF] HTTP GET /health responded 200 in 0.3033 ms
autopulse-api       | [03:26:19 INF] HTTP GET /health responded 200 in 0.3043 ms
